WARNING - 2025-10-21 10:28:17 --> [DEPRECATED] Passing lowercase HTTP method "get" is deprecated. Use uppercase HTTP method like "GET". in SYSTEMPATH\Router\RouteCollection.php on line 1029.
 1 SYSTEMPATH\Router\RouteCollection.php(1029): trigger_error('Passing lowercase HTTP method "get" is deprecated. Use uppercase HTTP method like "GET".', 16384)
 2 APPPATH\Config\Routes\Admin.php(15): CodeIgniter\Router\RouteCollection->match([...], 'elfinder/connector', 'Elfinder::connector')
 3 SYSTEMPATH\Router\RouteCollection.php(799): CodeIgniter\Router\RouteCollection->{closure}(Object(CodeIgniter\Router\RouteCollection))
 4 APPPATH\Config\Routes\Admin.php(102): CodeIgniter\Router\RouteCollection->group('admin', [...], Object(Closure))
 5 APPPATH\Config\Routes.php(3): require('C:\\OSPanel\\home\\ci4.local\\app\\Config\\Routes\\Admin.php')
 6 SYSTEMPATH\Router\RouteCollection.php(339): require('C:\\OSPanel\\home\\ci4.local\\app\\Config\\Routes.php')
 7 SYSTEMPATH\CodeIgniter.php(821): CodeIgniter\Router\RouteCollection->loadRoutes()
 8 SYSTEMPATH\CodeIgniter.php(455): CodeIgniter\CodeIgniter->tryToRouteIt(null)
 9 SYSTEMPATH\CodeIgniter.php(354): CodeIgniter\CodeIgniter->handleRequest(null, Object(Config\Cache), false)
10 SYSTEMPATH\Boot.php(363): CodeIgniter\CodeIgniter->run()
11 SYSTEMPATH\Boot.php(68): CodeIgniter\Boot::runCodeIgniter(Object(CodeIgniter\CodeIgniter))
12 FCPATH\index.php(68): CodeIgniter\Boot::bootWeb(Object(Config\Paths))
WARNING - 2025-10-21 10:28:17 --> [DEPRECATED] Passing lowercase HTTP method "post" is deprecated. Use uppercase HTTP method like "POST". in SYSTEMPATH\Router\RouteCollection.php on line 1029.
 1 SYSTEMPATH\Router\RouteCollection.php(1029): trigger_error('Passing lowercase HTTP method "post" is deprecated. Use uppercase HTTP method like "POST".', 16384)
 2 APPPATH\Config\Routes\Admin.php(15): CodeIgniter\Router\RouteCollection->match([...], 'elfinder/connector', 'Elfinder::connector')
 3 SYSTEMPATH\Router\RouteCollection.php(799): CodeIgniter\Router\RouteCollection->{closure}(Object(CodeIgniter\Router\RouteCollection))
 4 APPPATH\Config\Routes\Admin.php(102): CodeIgniter\Router\RouteCollection->group('admin', [...], Object(Closure))
 5 APPPATH\Config\Routes.php(3): require('C:\\OSPanel\\home\\ci4.local\\app\\Config\\Routes\\Admin.php')
 6 SYSTEMPATH\Router\RouteCollection.php(339): require('C:\\OSPanel\\home\\ci4.local\\app\\Config\\Routes.php')
 7 SYSTEMPATH\CodeIgniter.php(821): CodeIgniter\Router\RouteCollection->loadRoutes()
 8 SYSTEMPATH\CodeIgniter.php(455): CodeIgniter\CodeIgniter->tryToRouteIt(null)
 9 SYSTEMPATH\CodeIgniter.php(354): CodeIgniter\CodeIgniter->handleRequest(null, Object(Config\Cache), false)
10 SYSTEMPATH\Boot.php(363): CodeIgniter\CodeIgniter->run()
11 SYSTEMPATH\Boot.php(68): CodeIgniter\Boot::runCodeIgniter(Object(CodeIgniter\CodeIgniter))
12 FCPATH\index.php(68): CodeIgniter\Boot::bootWeb(Object(Config\Paths))
DEBUG - 2025-10-21 10:28:19 --> Session: Class initialized using 'CodeIgniter\Session\Handlers\FileHandler' driver.
WARNING - 2025-10-21 10:28:23 --> [DEPRECATED] Passing lowercase HTTP method "get" is deprecated. Use uppercase HTTP method like "GET". in SYSTEMPATH\Router\RouteCollection.php on line 1029.
 1 SYSTEMPATH\Router\RouteCollection.php(1029): trigger_error('Passing lowercase HTTP method "get" is deprecated. Use uppercase HTTP method like "GET".', 16384)
 2 APPPATH\Config\Routes\Admin.php(15): CodeIgniter\Router\RouteCollection->match([...], 'elfinder/connector', 'Elfinder::connector')
 3 SYSTEMPATH\Router\RouteCollection.php(799): CodeIgniter\Router\RouteCollection->{closure}(Object(CodeIgniter\Router\RouteCollection))
 4 APPPATH\Config\Routes\Admin.php(102): CodeIgniter\Router\RouteCollection->group('admin', [...], Object(Closure))
 5 APPPATH\Config\Routes.php(3): require('C:\\OSPanel\\home\\ci4.local\\app\\Config\\Routes\\Admin.php')
 6 SYSTEMPATH\Router\RouteCollection.php(339): require('C:\\OSPanel\\home\\ci4.local\\app\\Config\\Routes.php')
 7 SYSTEMPATH\CodeIgniter.php(821): CodeIgniter\Router\RouteCollection->loadRoutes()
 8 SYSTEMPATH\CodeIgniter.php(455): CodeIgniter\CodeIgniter->tryToRouteIt(null)
 9 SYSTEMPATH\CodeIgniter.php(354): CodeIgniter\CodeIgniter->handleRequest(null, Object(Config\Cache), false)
10 SYSTEMPATH\Boot.php(363): CodeIgniter\CodeIgniter->run()
11 SYSTEMPATH\Boot.php(68): CodeIgniter\Boot::runCodeIgniter(Object(CodeIgniter\CodeIgniter))
12 FCPATH\index.php(68): CodeIgniter\Boot::bootWeb(Object(Config\Paths))
WARNING - 2025-10-21 10:28:23 --> [DEPRECATED] Passing lowercase HTTP method "post" is deprecated. Use uppercase HTTP method like "POST". in SYSTEMPATH\Router\RouteCollection.php on line 1029.
 1 SYSTEMPATH\Router\RouteCollection.php(1029): trigger_error('Passing lowercase HTTP method "post" is deprecated. Use uppercase HTTP method like "POST".', 16384)
 2 APPPATH\Config\Routes\Admin.php(15): CodeIgniter\Router\RouteCollection->match([...], 'elfinder/connector', 'Elfinder::connector')
 3 SYSTEMPATH\Router\RouteCollection.php(799): CodeIgniter\Router\RouteCollection->{closure}(Object(CodeIgniter\Router\RouteCollection))
 4 APPPATH\Config\Routes\Admin.php(102): CodeIgniter\Router\RouteCollection->group('admin', [...], Object(Closure))
 5 APPPATH\Config\Routes.php(3): require('C:\\OSPanel\\home\\ci4.local\\app\\Config\\Routes\\Admin.php')
 6 SYSTEMPATH\Router\RouteCollection.php(339): require('C:\\OSPanel\\home\\ci4.local\\app\\Config\\Routes.php')
 7 SYSTEMPATH\CodeIgniter.php(821): CodeIgniter\Router\RouteCollection->loadRoutes()
 8 SYSTEMPATH\CodeIgniter.php(455): CodeIgniter\CodeIgniter->tryToRouteIt(null)
 9 SYSTEMPATH\CodeIgniter.php(354): CodeIgniter\CodeIgniter->handleRequest(null, Object(Config\Cache), false)
10 SYSTEMPATH\Boot.php(363): CodeIgniter\CodeIgniter->run()
11 SYSTEMPATH\Boot.php(68): CodeIgniter\Boot::runCodeIgniter(Object(CodeIgniter\CodeIgniter))
12 FCPATH\index.php(68): CodeIgniter\Boot::bootWeb(Object(Config\Paths))
WARNING - 2025-10-21 10:28:24 --> [DEPRECATED] Passing lowercase HTTP method "get" is deprecated. Use uppercase HTTP method like "GET". in SYSTEMPATH\Router\RouteCollection.php on line 1029.
 1 SYSTEMPATH\Router\RouteCollection.php(1029): trigger_error('Passing lowercase HTTP method "get" is deprecated. Use uppercase HTTP method like "GET".', 16384)
 2 APPPATH\Config\Routes\Admin.php(15): CodeIgniter\Router\RouteCollection->match([...], 'elfinder/connector', 'Elfinder::connector')
 3 SYSTEMPATH\Router\RouteCollection.php(799): CodeIgniter\Router\RouteCollection->{closure}(Object(CodeIgniter\Router\RouteCollection))
 4 APPPATH\Config\Routes\Admin.php(102): CodeIgniter\Router\RouteCollection->group('admin', [...], Object(Closure))
 5 APPPATH\Config\Routes.php(3): require('C:\\OSPanel\\home\\ci4.local\\app\\Config\\Routes\\Admin.php')
 6 SYSTEMPATH\Router\RouteCollection.php(339): require('C:\\OSPanel\\home\\ci4.local\\app\\Config\\Routes.php')
 7 SYSTEMPATH\CodeIgniter.php(821): CodeIgniter\Router\RouteCollection->loadRoutes()
 8 SYSTEMPATH\CodeIgniter.php(455): CodeIgniter\CodeIgniter->tryToRouteIt(null)
 9 SYSTEMPATH\CodeIgniter.php(354): CodeIgniter\CodeIgniter->handleRequest(null, Object(Config\Cache), false)
10 SYSTEMPATH\Boot.php(363): CodeIgniter\CodeIgniter->run()
11 SYSTEMPATH\Boot.php(68): CodeIgniter\Boot::runCodeIgniter(Object(CodeIgniter\CodeIgniter))
12 FCPATH\index.php(68): CodeIgniter\Boot::bootWeb(Object(Config\Paths))
WARNING - 2025-10-21 10:28:24 --> [DEPRECATED] Passing lowercase HTTP method "post" is deprecated. Use uppercase HTTP method like "POST". in SYSTEMPATH\Router\RouteCollection.php on line 1029.
 1 SYSTEMPATH\Router\RouteCollection.php(1029): trigger_error('Passing lowercase HTTP method "post" is deprecated. Use uppercase HTTP method like "POST".', 16384)
 2 APPPATH\Config\Routes\Admin.php(15): CodeIgniter\Router\RouteCollection->match([...], 'elfinder/connector', 'Elfinder::connector')
 3 SYSTEMPATH\Router\RouteCollection.php(799): CodeIgniter\Router\RouteCollection->{closure}(Object(CodeIgniter\Router\RouteCollection))
 4 APPPATH\Config\Routes\Admin.php(102): CodeIgniter\Router\RouteCollection->group('admin', [...], Object(Closure))
 5 APPPATH\Config\Routes.php(3): require('C:\\OSPanel\\home\\ci4.local\\app\\Config\\Routes\\Admin.php')
 6 SYSTEMPATH\Router\RouteCollection.php(339): require('C:\\OSPanel\\home\\ci4.local\\app\\Config\\Routes.php')
 7 SYSTEMPATH\CodeIgniter.php(821): CodeIgniter\Router\RouteCollection->loadRoutes()
 8 SYSTEMPATH\CodeIgniter.php(455): CodeIgniter\CodeIgniter->tryToRouteIt(null)
 9 SYSTEMPATH\CodeIgniter.php(354): CodeIgniter\CodeIgniter->handleRequest(null, Object(Config\Cache), false)
10 SYSTEMPATH\Boot.php(363): CodeIgniter\CodeIgniter->run()
11 SYSTEMPATH\Boot.php(68): CodeIgniter\Boot::runCodeIgniter(Object(CodeIgniter\CodeIgniter))
12 FCPATH\index.php(68): CodeIgniter\Boot::bootWeb(Object(Config\Paths))
WARNING - 2025-10-21 10:28:47 --> [DEPRECATED] Passing lowercase HTTP method "get" is deprecated. Use uppercase HTTP method like "GET". in SYSTEMPATH\Router\RouteCollection.php on line 1029.
 1 SYSTEMPATH\Router\RouteCollection.php(1029): trigger_error('Passing lowercase HTTP method "get" is deprecated. Use uppercase HTTP method like "GET".', 16384)
 2 APPPATH\Config\Routes\Admin.php(15): CodeIgniter\Router\RouteCollection->match([...], 'elfinder/connector', 'Elfinder::connector')
 3 SYSTEMPATH\Router\RouteCollection.php(799): CodeIgniter\Router\RouteCollection->{closure}(Object(CodeIgniter\Router\RouteCollection))
 4 APPPATH\Config\Routes\Admin.php(102): CodeIgniter\Router\RouteCollection->group('admin', [...], Object(Closure))
 5 APPPATH\Config\Routes.php(3): require('C:\\OSPanel\\home\\ci4.local\\app\\Config\\Routes\\Admin.php')
 6 SYSTEMPATH\Router\RouteCollection.php(339): require('C:\\OSPanel\\home\\ci4.local\\app\\Config\\Routes.php')
 7 SYSTEMPATH\CodeIgniter.php(821): CodeIgniter\Router\RouteCollection->loadRoutes()
 8 SYSTEMPATH\CodeIgniter.php(455): CodeIgniter\CodeIgniter->tryToRouteIt(null)
 9 SYSTEMPATH\CodeIgniter.php(354): CodeIgniter\CodeIgniter->handleRequest(null, Object(Config\Cache), false)
10 SYSTEMPATH\Boot.php(363): CodeIgniter\CodeIgniter->run()
11 SYSTEMPATH\Boot.php(68): CodeIgniter\Boot::runCodeIgniter(Object(CodeIgniter\CodeIgniter))
12 FCPATH\index.php(68): CodeIgniter\Boot::bootWeb(Object(Config\Paths))
WARNING - 2025-10-21 10:28:47 --> [DEPRECATED] Passing lowercase HTTP method "post" is deprecated. Use uppercase HTTP method like "POST". in SYSTEMPATH\Router\RouteCollection.php on line 1029.
 1 SYSTEMPATH\Router\RouteCollection.php(1029): trigger_error('Passing lowercase HTTP method "post" is deprecated. Use uppercase HTTP method like "POST".', 16384)
 2 APPPATH\Config\Routes\Admin.php(15): CodeIgniter\Router\RouteCollection->match([...], 'elfinder/connector', 'Elfinder::connector')
 3 SYSTEMPATH\Router\RouteCollection.php(799): CodeIgniter\Router\RouteCollection->{closure}(Object(CodeIgniter\Router\RouteCollection))
 4 APPPATH\Config\Routes\Admin.php(102): CodeIgniter\Router\RouteCollection->group('admin', [...], Object(Closure))
 5 APPPATH\Config\Routes.php(3): require('C:\\OSPanel\\home\\ci4.local\\app\\Config\\Routes\\Admin.php')
 6 SYSTEMPATH\Router\RouteCollection.php(339): require('C:\\OSPanel\\home\\ci4.local\\app\\Config\\Routes.php')
 7 SYSTEMPATH\CodeIgniter.php(821): CodeIgniter\Router\RouteCollection->loadRoutes()
 8 SYSTEMPATH\CodeIgniter.php(455): CodeIgniter\CodeIgniter->tryToRouteIt(null)
 9 SYSTEMPATH\CodeIgniter.php(354): CodeIgniter\CodeIgniter->handleRequest(null, Object(Config\Cache), false)
10 SYSTEMPATH\Boot.php(363): CodeIgniter\CodeIgniter->run()
11 SYSTEMPATH\Boot.php(68): CodeIgniter\Boot::runCodeIgniter(Object(CodeIgniter\CodeIgniter))
12 FCPATH\index.php(68): CodeIgniter\Boot::bootWeb(Object(Config\Paths))
DEBUG - 2025-10-21 10:28:47 --> Session: Class initialized using 'CodeIgniter\Session\Handlers\FileHandler' driver.
WARNING - 2025-10-21 10:28:50 --> [DEPRECATED] Passing lowercase HTTP method "get" is deprecated. Use uppercase HTTP method like "GET". in SYSTEMPATH\Router\RouteCollection.php on line 1029.
 1 SYSTEMPATH\Router\RouteCollection.php(1029): trigger_error('Passing lowercase HTTP method "get" is deprecated. Use uppercase HTTP method like "GET".', 16384)
 2 APPPATH\Config\Routes\Admin.php(15): CodeIgniter\Router\RouteCollection->match([...], 'elfinder/connector', 'Elfinder::connector')
 3 SYSTEMPATH\Router\RouteCollection.php(799): CodeIgniter\Router\RouteCollection->{closure}(Object(CodeIgniter\Router\RouteCollection))
 4 APPPATH\Config\Routes\Admin.php(102): CodeIgniter\Router\RouteCollection->group('admin', [...], Object(Closure))
 5 APPPATH\Config\Routes.php(3): require('C:\\OSPanel\\home\\ci4.local\\app\\Config\\Routes\\Admin.php')
 6 SYSTEMPATH\Router\RouteCollection.php(339): require('C:\\OSPanel\\home\\ci4.local\\app\\Config\\Routes.php')
 7 SYSTEMPATH\CodeIgniter.php(821): CodeIgniter\Router\RouteCollection->loadRoutes()
 8 SYSTEMPATH\CodeIgniter.php(455): CodeIgniter\CodeIgniter->tryToRouteIt(null)
 9 SYSTEMPATH\CodeIgniter.php(354): CodeIgniter\CodeIgniter->handleRequest(null, Object(Config\Cache), false)
10 SYSTEMPATH\Boot.php(363): CodeIgniter\CodeIgniter->run()
11 SYSTEMPATH\Boot.php(68): CodeIgniter\Boot::runCodeIgniter(Object(CodeIgniter\CodeIgniter))
12 FCPATH\index.php(68): CodeIgniter\Boot::bootWeb(Object(Config\Paths))
WARNING - 2025-10-21 10:28:50 --> [DEPRECATED] Passing lowercase HTTP method "post" is deprecated. Use uppercase HTTP method like "POST". in SYSTEMPATH\Router\RouteCollection.php on line 1029.
 1 SYSTEMPATH\Router\RouteCollection.php(1029): trigger_error('Passing lowercase HTTP method "post" is deprecated. Use uppercase HTTP method like "POST".', 16384)
 2 APPPATH\Config\Routes\Admin.php(15): CodeIgniter\Router\RouteCollection->match([...], 'elfinder/connector', 'Elfinder::connector')
 3 SYSTEMPATH\Router\RouteCollection.php(799): CodeIgniter\Router\RouteCollection->{closure}(Object(CodeIgniter\Router\RouteCollection))
 4 APPPATH\Config\Routes\Admin.php(102): CodeIgniter\Router\RouteCollection->group('admin', [...], Object(Closure))
 5 APPPATH\Config\Routes.php(3): require('C:\\OSPanel\\home\\ci4.local\\app\\Config\\Routes\\Admin.php')
 6 SYSTEMPATH\Router\RouteCollection.php(339): require('C:\\OSPanel\\home\\ci4.local\\app\\Config\\Routes.php')
 7 SYSTEMPATH\CodeIgniter.php(821): CodeIgniter\Router\RouteCollection->loadRoutes()
 8 SYSTEMPATH\CodeIgniter.php(455): CodeIgniter\CodeIgniter->tryToRouteIt(null)
 9 SYSTEMPATH\CodeIgniter.php(354): CodeIgniter\CodeIgniter->handleRequest(null, Object(Config\Cache), false)
10 SYSTEMPATH\Boot.php(363): CodeIgniter\CodeIgniter->run()
11 SYSTEMPATH\Boot.php(68): CodeIgniter\Boot::runCodeIgniter(Object(CodeIgniter\CodeIgniter))
12 FCPATH\index.php(68): CodeIgniter\Boot::bootWeb(Object(Config\Paths))
WARNING - 2025-10-21 10:28:59 --> [DEPRECATED] Passing lowercase HTTP method "get" is deprecated. Use uppercase HTTP method like "GET". in SYSTEMPATH\Router\RouteCollection.php on line 1029.
 1 SYSTEMPATH\Router\RouteCollection.php(1029): trigger_error('Passing lowercase HTTP method "get" is deprecated. Use uppercase HTTP method like "GET".', 16384)
 2 APPPATH\Config\Routes\Admin.php(15): CodeIgniter\Router\RouteCollection->match([...], 'elfinder/connector', 'Elfinder::connector')
 3 SYSTEMPATH\Router\RouteCollection.php(799): CodeIgniter\Router\RouteCollection->{closure}(Object(CodeIgniter\Router\RouteCollection))
 4 APPPATH\Config\Routes\Admin.php(102): CodeIgniter\Router\RouteCollection->group('admin', [...], Object(Closure))
 5 APPPATH\Config\Routes.php(3): require('C:\\OSPanel\\home\\ci4.local\\app\\Config\\Routes\\Admin.php')
 6 SYSTEMPATH\Router\RouteCollection.php(339): require('C:\\OSPanel\\home\\ci4.local\\app\\Config\\Routes.php')
 7 SYSTEMPATH\CodeIgniter.php(821): CodeIgniter\Router\RouteCollection->loadRoutes()
 8 SYSTEMPATH\CodeIgniter.php(455): CodeIgniter\CodeIgniter->tryToRouteIt(null)
 9 SYSTEMPATH\CodeIgniter.php(354): CodeIgniter\CodeIgniter->handleRequest(null, Object(Config\Cache), false)
10 SYSTEMPATH\Boot.php(363): CodeIgniter\CodeIgniter->run()
11 SYSTEMPATH\Boot.php(68): CodeIgniter\Boot::runCodeIgniter(Object(CodeIgniter\CodeIgniter))
12 FCPATH\index.php(68): CodeIgniter\Boot::bootWeb(Object(Config\Paths))
WARNING - 2025-10-21 10:28:59 --> [DEPRECATED] Passing lowercase HTTP method "post" is deprecated. Use uppercase HTTP method like "POST". in SYSTEMPATH\Router\RouteCollection.php on line 1029.
 1 SYSTEMPATH\Router\RouteCollection.php(1029): trigger_error('Passing lowercase HTTP method "post" is deprecated. Use uppercase HTTP method like "POST".', 16384)
 2 APPPATH\Config\Routes\Admin.php(15): CodeIgniter\Router\RouteCollection->match([...], 'elfinder/connector', 'Elfinder::connector')
 3 SYSTEMPATH\Router\RouteCollection.php(799): CodeIgniter\Router\RouteCollection->{closure}(Object(CodeIgniter\Router\RouteCollection))
 4 APPPATH\Config\Routes\Admin.php(102): CodeIgniter\Router\RouteCollection->group('admin', [...], Object(Closure))
 5 APPPATH\Config\Routes.php(3): require('C:\\OSPanel\\home\\ci4.local\\app\\Config\\Routes\\Admin.php')
 6 SYSTEMPATH\Router\RouteCollection.php(339): require('C:\\OSPanel\\home\\ci4.local\\app\\Config\\Routes.php')
 7 SYSTEMPATH\CodeIgniter.php(821): CodeIgniter\Router\RouteCollection->loadRoutes()
 8 SYSTEMPATH\CodeIgniter.php(455): CodeIgniter\CodeIgniter->tryToRouteIt(null)
 9 SYSTEMPATH\CodeIgniter.php(354): CodeIgniter\CodeIgniter->handleRequest(null, Object(Config\Cache), false)
10 SYSTEMPATH\Boot.php(363): CodeIgniter\CodeIgniter->run()
11 SYSTEMPATH\Boot.php(68): CodeIgniter\Boot::runCodeIgniter(Object(CodeIgniter\CodeIgniter))
12 FCPATH\index.php(68): CodeIgniter\Boot::bootWeb(Object(Config\Paths))
DEBUG - 2025-10-21 10:28:59 --> Session: Class initialized using 'CodeIgniter\Session\Handlers\FileHandler' driver.
WARNING - 2025-10-21 10:29:00 --> [DEPRECATED] Passing lowercase HTTP method "get" is deprecated. Use uppercase HTTP method like "GET". in SYSTEMPATH\Router\RouteCollection.php on line 1029.
 1 SYSTEMPATH\Router\RouteCollection.php(1029): trigger_error('Passing lowercase HTTP method "get" is deprecated. Use uppercase HTTP method like "GET".', 16384)
 2 APPPATH\Config\Routes\Admin.php(15): CodeIgniter\Router\RouteCollection->match([...], 'elfinder/connector', 'Elfinder::connector')
 3 SYSTEMPATH\Router\RouteCollection.php(799): CodeIgniter\Router\RouteCollection->{closure}(Object(CodeIgniter\Router\RouteCollection))
 4 APPPATH\Config\Routes\Admin.php(102): CodeIgniter\Router\RouteCollection->group('admin', [...], Object(Closure))
 5 APPPATH\Config\Routes.php(3): require('C:\\OSPanel\\home\\ci4.local\\app\\Config\\Routes\\Admin.php')
 6 SYSTEMPATH\Router\RouteCollection.php(339): require('C:\\OSPanel\\home\\ci4.local\\app\\Config\\Routes.php')
 7 SYSTEMPATH\CodeIgniter.php(821): CodeIgniter\Router\RouteCollection->loadRoutes()
 8 SYSTEMPATH\CodeIgniter.php(455): CodeIgniter\CodeIgniter->tryToRouteIt(null)
 9 SYSTEMPATH\CodeIgniter.php(354): CodeIgniter\CodeIgniter->handleRequest(null, Object(Config\Cache), false)
10 SYSTEMPATH\Boot.php(363): CodeIgniter\CodeIgniter->run()
11 SYSTEMPATH\Boot.php(68): CodeIgniter\Boot::runCodeIgniter(Object(CodeIgniter\CodeIgniter))
12 FCPATH\index.php(68): CodeIgniter\Boot::bootWeb(Object(Config\Paths))
WARNING - 2025-10-21 10:29:00 --> [DEPRECATED] Passing lowercase HTTP method "post" is deprecated. Use uppercase HTTP method like "POST". in SYSTEMPATH\Router\RouteCollection.php on line 1029.
 1 SYSTEMPATH\Router\RouteCollection.php(1029): trigger_error('Passing lowercase HTTP method "post" is deprecated. Use uppercase HTTP method like "POST".', 16384)
 2 APPPATH\Config\Routes\Admin.php(15): CodeIgniter\Router\RouteCollection->match([...], 'elfinder/connector', 'Elfinder::connector')
 3 SYSTEMPATH\Router\RouteCollection.php(799): CodeIgniter\Router\RouteCollection->{closure}(Object(CodeIgniter\Router\RouteCollection))
 4 APPPATH\Config\Routes\Admin.php(102): CodeIgniter\Router\RouteCollection->group('admin', [...], Object(Closure))
 5 APPPATH\Config\Routes.php(3): require('C:\\OSPanel\\home\\ci4.local\\app\\Config\\Routes\\Admin.php')
 6 SYSTEMPATH\Router\RouteCollection.php(339): require('C:\\OSPanel\\home\\ci4.local\\app\\Config\\Routes.php')
 7 SYSTEMPATH\CodeIgniter.php(821): CodeIgniter\Router\RouteCollection->loadRoutes()
 8 SYSTEMPATH\CodeIgniter.php(455): CodeIgniter\CodeIgniter->tryToRouteIt(null)
 9 SYSTEMPATH\CodeIgniter.php(354): CodeIgniter\CodeIgniter->handleRequest(null, Object(Config\Cache), false)
10 SYSTEMPATH\Boot.php(363): CodeIgniter\CodeIgniter->run()
11 SYSTEMPATH\Boot.php(68): CodeIgniter\Boot::runCodeIgniter(Object(CodeIgniter\CodeIgniter))
12 FCPATH\index.php(68): CodeIgniter\Boot::bootWeb(Object(Config\Paths))
WARNING - 2025-10-21 10:30:10 --> [DEPRECATED] Passing lowercase HTTP method "get" is deprecated. Use uppercase HTTP method like "GET". in SYSTEMPATH\Router\RouteCollection.php on line 1029.
 1 SYSTEMPATH\Router\RouteCollection.php(1029): trigger_error('Passing lowercase HTTP method "get" is deprecated. Use uppercase HTTP method like "GET".', 16384)
 2 APPPATH\Config\Routes\Admin.php(15): CodeIgniter\Router\RouteCollection->match([...], 'elfinder/connector', 'Elfinder::connector')
 3 SYSTEMPATH\Router\RouteCollection.php(799): CodeIgniter\Router\RouteCollection->{closure}(Object(CodeIgniter\Router\RouteCollection))
 4 APPPATH\Config\Routes\Admin.php(102): CodeIgniter\Router\RouteCollection->group('admin', [...], Object(Closure))
 5 APPPATH\Config\Routes.php(3): require('C:\\OSPanel\\home\\ci4.local\\app\\Config\\Routes\\Admin.php')
 6 SYSTEMPATH\Router\RouteCollection.php(339): require('C:\\OSPanel\\home\\ci4.local\\app\\Config\\Routes.php')
 7 SYSTEMPATH\CodeIgniter.php(821): CodeIgniter\Router\RouteCollection->loadRoutes()
 8 SYSTEMPATH\CodeIgniter.php(455): CodeIgniter\CodeIgniter->tryToRouteIt(null)
 9 SYSTEMPATH\CodeIgniter.php(354): CodeIgniter\CodeIgniter->handleRequest(null, Object(Config\Cache), false)
10 SYSTEMPATH\Boot.php(363): CodeIgniter\CodeIgniter->run()
11 SYSTEMPATH\Boot.php(68): CodeIgniter\Boot::runCodeIgniter(Object(CodeIgniter\CodeIgniter))
12 FCPATH\index.php(68): CodeIgniter\Boot::bootWeb(Object(Config\Paths))
WARNING - 2025-10-21 10:30:10 --> [DEPRECATED] Passing lowercase HTTP method "post" is deprecated. Use uppercase HTTP method like "POST". in SYSTEMPATH\Router\RouteCollection.php on line 1029.
 1 SYSTEMPATH\Router\RouteCollection.php(1029): trigger_error('Passing lowercase HTTP method "post" is deprecated. Use uppercase HTTP method like "POST".', 16384)
 2 APPPATH\Config\Routes\Admin.php(15): CodeIgniter\Router\RouteCollection->match([...], 'elfinder/connector', 'Elfinder::connector')
 3 SYSTEMPATH\Router\RouteCollection.php(799): CodeIgniter\Router\RouteCollection->{closure}(Object(CodeIgniter\Router\RouteCollection))
 4 APPPATH\Config\Routes\Admin.php(102): CodeIgniter\Router\RouteCollection->group('admin', [...], Object(Closure))
 5 APPPATH\Config\Routes.php(3): require('C:\\OSPanel\\home\\ci4.local\\app\\Config\\Routes\\Admin.php')
 6 SYSTEMPATH\Router\RouteCollection.php(339): require('C:\\OSPanel\\home\\ci4.local\\app\\Config\\Routes.php')
 7 SYSTEMPATH\CodeIgniter.php(821): CodeIgniter\Router\RouteCollection->loadRoutes()
 8 SYSTEMPATH\CodeIgniter.php(455): CodeIgniter\CodeIgniter->tryToRouteIt(null)
 9 SYSTEMPATH\CodeIgniter.php(354): CodeIgniter\CodeIgniter->handleRequest(null, Object(Config\Cache), false)
10 SYSTEMPATH\Boot.php(363): CodeIgniter\CodeIgniter->run()
11 SYSTEMPATH\Boot.php(68): CodeIgniter\Boot::runCodeIgniter(Object(CodeIgniter\CodeIgniter))
12 FCPATH\index.php(68): CodeIgniter\Boot::bootWeb(Object(Config\Paths))
DEBUG - 2025-10-21 10:30:10 --> Session: Class initialized using 'CodeIgniter\Session\Handlers\FileHandler' driver.
WARNING - 2025-10-21 10:30:11 --> [DEPRECATED] Passing lowercase HTTP method "get" is deprecated. Use uppercase HTTP method like "GET". in SYSTEMPATH\Router\RouteCollection.php on line 1029.
 1 SYSTEMPATH\Router\RouteCollection.php(1029): trigger_error('Passing lowercase HTTP method "get" is deprecated. Use uppercase HTTP method like "GET".', 16384)
 2 APPPATH\Config\Routes\Admin.php(15): CodeIgniter\Router\RouteCollection->match([...], 'elfinder/connector', 'Elfinder::connector')
 3 SYSTEMPATH\Router\RouteCollection.php(799): CodeIgniter\Router\RouteCollection->{closure}(Object(CodeIgniter\Router\RouteCollection))
 4 APPPATH\Config\Routes\Admin.php(102): CodeIgniter\Router\RouteCollection->group('admin', [...], Object(Closure))
 5 APPPATH\Config\Routes.php(3): require('C:\\OSPanel\\home\\ci4.local\\app\\Config\\Routes\\Admin.php')
 6 SYSTEMPATH\Router\RouteCollection.php(339): require('C:\\OSPanel\\home\\ci4.local\\app\\Config\\Routes.php')
 7 SYSTEMPATH\CodeIgniter.php(821): CodeIgniter\Router\RouteCollection->loadRoutes()
 8 SYSTEMPATH\CodeIgniter.php(455): CodeIgniter\CodeIgniter->tryToRouteIt(null)
 9 SYSTEMPATH\CodeIgniter.php(354): CodeIgniter\CodeIgniter->handleRequest(null, Object(Config\Cache), false)
10 SYSTEMPATH\Boot.php(363): CodeIgniter\CodeIgniter->run()
11 SYSTEMPATH\Boot.php(68): CodeIgniter\Boot::runCodeIgniter(Object(CodeIgniter\CodeIgniter))
12 FCPATH\index.php(68): CodeIgniter\Boot::bootWeb(Object(Config\Paths))
WARNING - 2025-10-21 10:30:11 --> [DEPRECATED] Passing lowercase HTTP method "post" is deprecated. Use uppercase HTTP method like "POST". in SYSTEMPATH\Router\RouteCollection.php on line 1029.
 1 SYSTEMPATH\Router\RouteCollection.php(1029): trigger_error('Passing lowercase HTTP method "post" is deprecated. Use uppercase HTTP method like "POST".', 16384)
 2 APPPATH\Config\Routes\Admin.php(15): CodeIgniter\Router\RouteCollection->match([...], 'elfinder/connector', 'Elfinder::connector')
 3 SYSTEMPATH\Router\RouteCollection.php(799): CodeIgniter\Router\RouteCollection->{closure}(Object(CodeIgniter\Router\RouteCollection))
 4 APPPATH\Config\Routes\Admin.php(102): CodeIgniter\Router\RouteCollection->group('admin', [...], Object(Closure))
 5 APPPATH\Config\Routes.php(3): require('C:\\OSPanel\\home\\ci4.local\\app\\Config\\Routes\\Admin.php')
 6 SYSTEMPATH\Router\RouteCollection.php(339): require('C:\\OSPanel\\home\\ci4.local\\app\\Config\\Routes.php')
 7 SYSTEMPATH\CodeIgniter.php(821): CodeIgniter\Router\RouteCollection->loadRoutes()
 8 SYSTEMPATH\CodeIgniter.php(455): CodeIgniter\CodeIgniter->tryToRouteIt(null)
 9 SYSTEMPATH\CodeIgniter.php(354): CodeIgniter\CodeIgniter->handleRequest(null, Object(Config\Cache), false)
10 SYSTEMPATH\Boot.php(363): CodeIgniter\CodeIgniter->run()
11 SYSTEMPATH\Boot.php(68): CodeIgniter\Boot::runCodeIgniter(Object(CodeIgniter\CodeIgniter))
12 FCPATH\index.php(68): CodeIgniter\Boot::bootWeb(Object(Config\Paths))
WARNING - 2025-10-21 10:30:18 --> [DEPRECATED] Passing lowercase HTTP method "get" is deprecated. Use uppercase HTTP method like "GET". in SYSTEMPATH\Router\RouteCollection.php on line 1029.
 1 SYSTEMPATH\Router\RouteCollection.php(1029): trigger_error('Passing lowercase HTTP method "get" is deprecated. Use uppercase HTTP method like "GET".', 16384)
 2 APPPATH\Config\Routes\Admin.php(15): CodeIgniter\Router\RouteCollection->match([...], 'elfinder/connector', 'Elfinder::connector')
 3 SYSTEMPATH\Router\RouteCollection.php(799): CodeIgniter\Router\RouteCollection->{closure}(Object(CodeIgniter\Router\RouteCollection))
 4 APPPATH\Config\Routes\Admin.php(102): CodeIgniter\Router\RouteCollection->group('admin', [...], Object(Closure))
 5 APPPATH\Config\Routes.php(3): require('C:\\OSPanel\\home\\ci4.local\\app\\Config\\Routes\\Admin.php')
 6 SYSTEMPATH\Router\RouteCollection.php(339): require('C:\\OSPanel\\home\\ci4.local\\app\\Config\\Routes.php')
 7 SYSTEMPATH\CodeIgniter.php(821): CodeIgniter\Router\RouteCollection->loadRoutes()
 8 SYSTEMPATH\CodeIgniter.php(455): CodeIgniter\CodeIgniter->tryToRouteIt(null)
 9 SYSTEMPATH\CodeIgniter.php(354): CodeIgniter\CodeIgniter->handleRequest(null, Object(Config\Cache), false)
10 SYSTEMPATH\Boot.php(363): CodeIgniter\CodeIgniter->run()
11 SYSTEMPATH\Boot.php(68): CodeIgniter\Boot::runCodeIgniter(Object(CodeIgniter\CodeIgniter))
12 FCPATH\index.php(68): CodeIgniter\Boot::bootWeb(Object(Config\Paths))
WARNING - 2025-10-21 10:30:18 --> [DEPRECATED] Passing lowercase HTTP method "post" is deprecated. Use uppercase HTTP method like "POST". in SYSTEMPATH\Router\RouteCollection.php on line 1029.
 1 SYSTEMPATH\Router\RouteCollection.php(1029): trigger_error('Passing lowercase HTTP method "post" is deprecated. Use uppercase HTTP method like "POST".', 16384)
 2 APPPATH\Config\Routes\Admin.php(15): CodeIgniter\Router\RouteCollection->match([...], 'elfinder/connector', 'Elfinder::connector')
 3 SYSTEMPATH\Router\RouteCollection.php(799): CodeIgniter\Router\RouteCollection->{closure}(Object(CodeIgniter\Router\RouteCollection))
 4 APPPATH\Config\Routes\Admin.php(102): CodeIgniter\Router\RouteCollection->group('admin', [...], Object(Closure))
 5 APPPATH\Config\Routes.php(3): require('C:\\OSPanel\\home\\ci4.local\\app\\Config\\Routes\\Admin.php')
 6 SYSTEMPATH\Router\RouteCollection.php(339): require('C:\\OSPanel\\home\\ci4.local\\app\\Config\\Routes.php')
 7 SYSTEMPATH\CodeIgniter.php(821): CodeIgniter\Router\RouteCollection->loadRoutes()
 8 SYSTEMPATH\CodeIgniter.php(455): CodeIgniter\CodeIgniter->tryToRouteIt(null)
 9 SYSTEMPATH\CodeIgniter.php(354): CodeIgniter\CodeIgniter->handleRequest(null, Object(Config\Cache), false)
10 SYSTEMPATH\Boot.php(363): CodeIgniter\CodeIgniter->run()
11 SYSTEMPATH\Boot.php(68): CodeIgniter\Boot::runCodeIgniter(Object(CodeIgniter\CodeIgniter))
12 FCPATH\index.php(68): CodeIgniter\Boot::bootWeb(Object(Config\Paths))
DEBUG - 2025-10-21 10:30:19 --> Session: Class initialized using 'CodeIgniter\Session\Handlers\FileHandler' driver.
WARNING - 2025-10-21 10:30:19 --> [DEPRECATED] Passing lowercase HTTP method "get" is deprecated. Use uppercase HTTP method like "GET". in SYSTEMPATH\Router\RouteCollection.php on line 1029.
 1 SYSTEMPATH\Router\RouteCollection.php(1029): trigger_error('Passing lowercase HTTP method "get" is deprecated. Use uppercase HTTP method like "GET".', 16384)
 2 APPPATH\Config\Routes\Admin.php(15): CodeIgniter\Router\RouteCollection->match([...], 'elfinder/connector', 'Elfinder::connector')
 3 SYSTEMPATH\Router\RouteCollection.php(799): CodeIgniter\Router\RouteCollection->{closure}(Object(CodeIgniter\Router\RouteCollection))
 4 APPPATH\Config\Routes\Admin.php(102): CodeIgniter\Router\RouteCollection->group('admin', [...], Object(Closure))
 5 APPPATH\Config\Routes.php(3): require('C:\\OSPanel\\home\\ci4.local\\app\\Config\\Routes\\Admin.php')
 6 SYSTEMPATH\Router\RouteCollection.php(339): require('C:\\OSPanel\\home\\ci4.local\\app\\Config\\Routes.php')
 7 SYSTEMPATH\CodeIgniter.php(821): CodeIgniter\Router\RouteCollection->loadRoutes()
 8 SYSTEMPATH\CodeIgniter.php(455): CodeIgniter\CodeIgniter->tryToRouteIt(null)
 9 SYSTEMPATH\CodeIgniter.php(354): CodeIgniter\CodeIgniter->handleRequest(null, Object(Config\Cache), false)
10 SYSTEMPATH\Boot.php(363): CodeIgniter\CodeIgniter->run()
11 SYSTEMPATH\Boot.php(68): CodeIgniter\Boot::runCodeIgniter(Object(CodeIgniter\CodeIgniter))
12 FCPATH\index.php(68): CodeIgniter\Boot::bootWeb(Object(Config\Paths))
WARNING - 2025-10-21 10:30:19 --> [DEPRECATED] Passing lowercase HTTP method "post" is deprecated. Use uppercase HTTP method like "POST". in SYSTEMPATH\Router\RouteCollection.php on line 1029.
 1 SYSTEMPATH\Router\RouteCollection.php(1029): trigger_error('Passing lowercase HTTP method "post" is deprecated. Use uppercase HTTP method like "POST".', 16384)
 2 APPPATH\Config\Routes\Admin.php(15): CodeIgniter\Router\RouteCollection->match([...], 'elfinder/connector', 'Elfinder::connector')
 3 SYSTEMPATH\Router\RouteCollection.php(799): CodeIgniter\Router\RouteCollection->{closure}(Object(CodeIgniter\Router\RouteCollection))
 4 APPPATH\Config\Routes\Admin.php(102): CodeIgniter\Router\RouteCollection->group('admin', [...], Object(Closure))
 5 APPPATH\Config\Routes.php(3): require('C:\\OSPanel\\home\\ci4.local\\app\\Config\\Routes\\Admin.php')
 6 SYSTEMPATH\Router\RouteCollection.php(339): require('C:\\OSPanel\\home\\ci4.local\\app\\Config\\Routes.php')
 7 SYSTEMPATH\CodeIgniter.php(821): CodeIgniter\Router\RouteCollection->loadRoutes()
 8 SYSTEMPATH\CodeIgniter.php(455): CodeIgniter\CodeIgniter->tryToRouteIt(null)
 9 SYSTEMPATH\CodeIgniter.php(354): CodeIgniter\CodeIgniter->handleRequest(null, Object(Config\Cache), false)
10 SYSTEMPATH\Boot.php(363): CodeIgniter\CodeIgniter->run()
11 SYSTEMPATH\Boot.php(68): CodeIgniter\Boot::runCodeIgniter(Object(CodeIgniter\CodeIgniter))
12 FCPATH\index.php(68): CodeIgniter\Boot::bootWeb(Object(Config\Paths))
WARNING - 2025-10-21 10:31:00 --> [DEPRECATED] Passing lowercase HTTP method "get" is deprecated. Use uppercase HTTP method like "GET". in SYSTEMPATH\Router\RouteCollection.php on line 1029.
 1 SYSTEMPATH\Router\RouteCollection.php(1029): trigger_error('Passing lowercase HTTP method "get" is deprecated. Use uppercase HTTP method like "GET".', 16384)
 2 APPPATH\Config\Routes\Admin.php(15): CodeIgniter\Router\RouteCollection->match([...], 'elfinder/connector', 'Elfinder::connector')
 3 SYSTEMPATH\Router\RouteCollection.php(799): CodeIgniter\Router\RouteCollection->{closure}(Object(CodeIgniter\Router\RouteCollection))
 4 APPPATH\Config\Routes\Admin.php(102): CodeIgniter\Router\RouteCollection->group('admin', [...], Object(Closure))
 5 APPPATH\Config\Routes.php(3): require('C:\\OSPanel\\home\\ci4.local\\app\\Config\\Routes\\Admin.php')
 6 SYSTEMPATH\Router\RouteCollection.php(339): require('C:\\OSPanel\\home\\ci4.local\\app\\Config\\Routes.php')
 7 SYSTEMPATH\CodeIgniter.php(821): CodeIgniter\Router\RouteCollection->loadRoutes()
 8 SYSTEMPATH\CodeIgniter.php(455): CodeIgniter\CodeIgniter->tryToRouteIt(null)
 9 SYSTEMPATH\CodeIgniter.php(354): CodeIgniter\CodeIgniter->handleRequest(null, Object(Config\Cache), false)
10 SYSTEMPATH\Boot.php(363): CodeIgniter\CodeIgniter->run()
11 SYSTEMPATH\Boot.php(68): CodeIgniter\Boot::runCodeIgniter(Object(CodeIgniter\CodeIgniter))
12 FCPATH\index.php(68): CodeIgniter\Boot::bootWeb(Object(Config\Paths))
WARNING - 2025-10-21 10:31:00 --> [DEPRECATED] Passing lowercase HTTP method "post" is deprecated. Use uppercase HTTP method like "POST". in SYSTEMPATH\Router\RouteCollection.php on line 1029.
 1 SYSTEMPATH\Router\RouteCollection.php(1029): trigger_error('Passing lowercase HTTP method "post" is deprecated. Use uppercase HTTP method like "POST".', 16384)
 2 APPPATH\Config\Routes\Admin.php(15): CodeIgniter\Router\RouteCollection->match([...], 'elfinder/connector', 'Elfinder::connector')
 3 SYSTEMPATH\Router\RouteCollection.php(799): CodeIgniter\Router\RouteCollection->{closure}(Object(CodeIgniter\Router\RouteCollection))
 4 APPPATH\Config\Routes\Admin.php(102): CodeIgniter\Router\RouteCollection->group('admin', [...], Object(Closure))
 5 APPPATH\Config\Routes.php(3): require('C:\\OSPanel\\home\\ci4.local\\app\\Config\\Routes\\Admin.php')
 6 SYSTEMPATH\Router\RouteCollection.php(339): require('C:\\OSPanel\\home\\ci4.local\\app\\Config\\Routes.php')
 7 SYSTEMPATH\CodeIgniter.php(821): CodeIgniter\Router\RouteCollection->loadRoutes()
 8 SYSTEMPATH\CodeIgniter.php(455): CodeIgniter\CodeIgniter->tryToRouteIt(null)
 9 SYSTEMPATH\CodeIgniter.php(354): CodeIgniter\CodeIgniter->handleRequest(null, Object(Config\Cache), false)
10 SYSTEMPATH\Boot.php(363): CodeIgniter\CodeIgniter->run()
11 SYSTEMPATH\Boot.php(68): CodeIgniter\Boot::runCodeIgniter(Object(CodeIgniter\CodeIgniter))
12 FCPATH\index.php(68): CodeIgniter\Boot::bootWeb(Object(Config\Paths))
DEBUG - 2025-10-21 10:31:00 --> Session: Class initialized using 'CodeIgniter\Session\Handlers\FileHandler' driver.
WARNING - 2025-10-21 10:31:01 --> [DEPRECATED] Passing lowercase HTTP method "get" is deprecated. Use uppercase HTTP method like "GET". in SYSTEMPATH\Router\RouteCollection.php on line 1029.
 1 SYSTEMPATH\Router\RouteCollection.php(1029): trigger_error('Passing lowercase HTTP method "get" is deprecated. Use uppercase HTTP method like "GET".', 16384)
 2 APPPATH\Config\Routes\Admin.php(15): CodeIgniter\Router\RouteCollection->match([...], 'elfinder/connector', 'Elfinder::connector')
 3 SYSTEMPATH\Router\RouteCollection.php(799): CodeIgniter\Router\RouteCollection->{closure}(Object(CodeIgniter\Router\RouteCollection))
 4 APPPATH\Config\Routes\Admin.php(102): CodeIgniter\Router\RouteCollection->group('admin', [...], Object(Closure))
 5 APPPATH\Config\Routes.php(3): require('C:\\OSPanel\\home\\ci4.local\\app\\Config\\Routes\\Admin.php')
 6 SYSTEMPATH\Router\RouteCollection.php(339): require('C:\\OSPanel\\home\\ci4.local\\app\\Config\\Routes.php')
 7 SYSTEMPATH\CodeIgniter.php(821): CodeIgniter\Router\RouteCollection->loadRoutes()
 8 SYSTEMPATH\CodeIgniter.php(455): CodeIgniter\CodeIgniter->tryToRouteIt(null)
 9 SYSTEMPATH\CodeIgniter.php(354): CodeIgniter\CodeIgniter->handleRequest(null, Object(Config\Cache), false)
10 SYSTEMPATH\Boot.php(363): CodeIgniter\CodeIgniter->run()
11 SYSTEMPATH\Boot.php(68): CodeIgniter\Boot::runCodeIgniter(Object(CodeIgniter\CodeIgniter))
12 FCPATH\index.php(68): CodeIgniter\Boot::bootWeb(Object(Config\Paths))
WARNING - 2025-10-21 10:31:01 --> [DEPRECATED] Passing lowercase HTTP method "post" is deprecated. Use uppercase HTTP method like "POST". in SYSTEMPATH\Router\RouteCollection.php on line 1029.
 1 SYSTEMPATH\Router\RouteCollection.php(1029): trigger_error('Passing lowercase HTTP method "post" is deprecated. Use uppercase HTTP method like "POST".', 16384)
 2 APPPATH\Config\Routes\Admin.php(15): CodeIgniter\Router\RouteCollection->match([...], 'elfinder/connector', 'Elfinder::connector')
 3 SYSTEMPATH\Router\RouteCollection.php(799): CodeIgniter\Router\RouteCollection->{closure}(Object(CodeIgniter\Router\RouteCollection))
 4 APPPATH\Config\Routes\Admin.php(102): CodeIgniter\Router\RouteCollection->group('admin', [...], Object(Closure))
 5 APPPATH\Config\Routes.php(3): require('C:\\OSPanel\\home\\ci4.local\\app\\Config\\Routes\\Admin.php')
 6 SYSTEMPATH\Router\RouteCollection.php(339): require('C:\\OSPanel\\home\\ci4.local\\app\\Config\\Routes.php')
 7 SYSTEMPATH\CodeIgniter.php(821): CodeIgniter\Router\RouteCollection->loadRoutes()
 8 SYSTEMPATH\CodeIgniter.php(455): CodeIgniter\CodeIgniter->tryToRouteIt(null)
 9 SYSTEMPATH\CodeIgniter.php(354): CodeIgniter\CodeIgniter->handleRequest(null, Object(Config\Cache), false)
10 SYSTEMPATH\Boot.php(363): CodeIgniter\CodeIgniter->run()
11 SYSTEMPATH\Boot.php(68): CodeIgniter\Boot::runCodeIgniter(Object(CodeIgniter\CodeIgniter))
12 FCPATH\index.php(68): CodeIgniter\Boot::bootWeb(Object(Config\Paths))
WARNING - 2025-10-21 10:31:02 --> [DEPRECATED] Passing lowercase HTTP method "get" is deprecated. Use uppercase HTTP method like "GET". in SYSTEMPATH\Router\RouteCollection.php on line 1029.
 1 SYSTEMPATH\Router\RouteCollection.php(1029): trigger_error('Passing lowercase HTTP method "get" is deprecated. Use uppercase HTTP method like "GET".', 16384)
 2 APPPATH\Config\Routes\Admin.php(15): CodeIgniter\Router\RouteCollection->match([...], 'elfinder/connector', 'Elfinder::connector')
 3 SYSTEMPATH\Router\RouteCollection.php(799): CodeIgniter\Router\RouteCollection->{closure}(Object(CodeIgniter\Router\RouteCollection))
 4 APPPATH\Config\Routes\Admin.php(102): CodeIgniter\Router\RouteCollection->group('admin', [...], Object(Closure))
 5 APPPATH\Config\Routes.php(3): require('C:\\OSPanel\\home\\ci4.local\\app\\Config\\Routes\\Admin.php')
 6 SYSTEMPATH\Router\RouteCollection.php(339): require('C:\\OSPanel\\home\\ci4.local\\app\\Config\\Routes.php')
 7 SYSTEMPATH\CodeIgniter.php(821): CodeIgniter\Router\RouteCollection->loadRoutes()
 8 SYSTEMPATH\CodeIgniter.php(455): CodeIgniter\CodeIgniter->tryToRouteIt(null)
 9 SYSTEMPATH\CodeIgniter.php(354): CodeIgniter\CodeIgniter->handleRequest(null, Object(Config\Cache), false)
10 SYSTEMPATH\Boot.php(363): CodeIgniter\CodeIgniter->run()
11 SYSTEMPATH\Boot.php(68): CodeIgniter\Boot::runCodeIgniter(Object(CodeIgniter\CodeIgniter))
12 FCPATH\index.php(68): CodeIgniter\Boot::bootWeb(Object(Config\Paths))
WARNING - 2025-10-21 10:31:02 --> [DEPRECATED] Passing lowercase HTTP method "post" is deprecated. Use uppercase HTTP method like "POST". in SYSTEMPATH\Router\RouteCollection.php on line 1029.
 1 SYSTEMPATH\Router\RouteCollection.php(1029): trigger_error('Passing lowercase HTTP method "post" is deprecated. Use uppercase HTTP method like "POST".', 16384)
 2 APPPATH\Config\Routes\Admin.php(15): CodeIgniter\Router\RouteCollection->match([...], 'elfinder/connector', 'Elfinder::connector')
 3 SYSTEMPATH\Router\RouteCollection.php(799): CodeIgniter\Router\RouteCollection->{closure}(Object(CodeIgniter\Router\RouteCollection))
 4 APPPATH\Config\Routes\Admin.php(102): CodeIgniter\Router\RouteCollection->group('admin', [...], Object(Closure))
 5 APPPATH\Config\Routes.php(3): require('C:\\OSPanel\\home\\ci4.local\\app\\Config\\Routes\\Admin.php')
 6 SYSTEMPATH\Router\RouteCollection.php(339): require('C:\\OSPanel\\home\\ci4.local\\app\\Config\\Routes.php')
 7 SYSTEMPATH\CodeIgniter.php(821): CodeIgniter\Router\RouteCollection->loadRoutes()
 8 SYSTEMPATH\CodeIgniter.php(455): CodeIgniter\CodeIgniter->tryToRouteIt(null)
 9 SYSTEMPATH\CodeIgniter.php(354): CodeIgniter\CodeIgniter->handleRequest(null, Object(Config\Cache), false)
10 SYSTEMPATH\Boot.php(363): CodeIgniter\CodeIgniter->run()
11 SYSTEMPATH\Boot.php(68): CodeIgniter\Boot::runCodeIgniter(Object(CodeIgniter\CodeIgniter))
12 FCPATH\index.php(68): CodeIgniter\Boot::bootWeb(Object(Config\Paths))
DEBUG - 2025-10-21 10:31:02 --> Session: Class initialized using 'CodeIgniter\Session\Handlers\FileHandler' driver.
WARNING - 2025-10-21 10:31:04 --> [DEPRECATED] Passing lowercase HTTP method "get" is deprecated. Use uppercase HTTP method like "GET". in SYSTEMPATH\Router\RouteCollection.php on line 1029.
 1 SYSTEMPATH\Router\RouteCollection.php(1029): trigger_error('Passing lowercase HTTP method "get" is deprecated. Use uppercase HTTP method like "GET".', 16384)
 2 APPPATH\Config\Routes\Admin.php(15): CodeIgniter\Router\RouteCollection->match([...], 'elfinder/connector', 'Elfinder::connector')
 3 SYSTEMPATH\Router\RouteCollection.php(799): CodeIgniter\Router\RouteCollection->{closure}(Object(CodeIgniter\Router\RouteCollection))
 4 APPPATH\Config\Routes\Admin.php(102): CodeIgniter\Router\RouteCollection->group('admin', [...], Object(Closure))
 5 APPPATH\Config\Routes.php(3): require('C:\\OSPanel\\home\\ci4.local\\app\\Config\\Routes\\Admin.php')
 6 SYSTEMPATH\Router\RouteCollection.php(339): require('C:\\OSPanel\\home\\ci4.local\\app\\Config\\Routes.php')
 7 SYSTEMPATH\CodeIgniter.php(821): CodeIgniter\Router\RouteCollection->loadRoutes()
 8 SYSTEMPATH\CodeIgniter.php(455): CodeIgniter\CodeIgniter->tryToRouteIt(null)
 9 SYSTEMPATH\CodeIgniter.php(354): CodeIgniter\CodeIgniter->handleRequest(null, Object(Config\Cache), false)
10 SYSTEMPATH\Boot.php(363): CodeIgniter\CodeIgniter->run()
11 SYSTEMPATH\Boot.php(68): CodeIgniter\Boot::runCodeIgniter(Object(CodeIgniter\CodeIgniter))
12 FCPATH\index.php(68): CodeIgniter\Boot::bootWeb(Object(Config\Paths))
WARNING - 2025-10-21 10:31:04 --> [DEPRECATED] Passing lowercase HTTP method "post" is deprecated. Use uppercase HTTP method like "POST". in SYSTEMPATH\Router\RouteCollection.php on line 1029.
 1 SYSTEMPATH\Router\RouteCollection.php(1029): trigger_error('Passing lowercase HTTP method "post" is deprecated. Use uppercase HTTP method like "POST".', 16384)
 2 APPPATH\Config\Routes\Admin.php(15): CodeIgniter\Router\RouteCollection->match([...], 'elfinder/connector', 'Elfinder::connector')
 3 SYSTEMPATH\Router\RouteCollection.php(799): CodeIgniter\Router\RouteCollection->{closure}(Object(CodeIgniter\Router\RouteCollection))
 4 APPPATH\Config\Routes\Admin.php(102): CodeIgniter\Router\RouteCollection->group('admin', [...], Object(Closure))
 5 APPPATH\Config\Routes.php(3): require('C:\\OSPanel\\home\\ci4.local\\app\\Config\\Routes\\Admin.php')
 6 SYSTEMPATH\Router\RouteCollection.php(339): require('C:\\OSPanel\\home\\ci4.local\\app\\Config\\Routes.php')
 7 SYSTEMPATH\CodeIgniter.php(821): CodeIgniter\Router\RouteCollection->loadRoutes()
 8 SYSTEMPATH\CodeIgniter.php(455): CodeIgniter\CodeIgniter->tryToRouteIt(null)
 9 SYSTEMPATH\CodeIgniter.php(354): CodeIgniter\CodeIgniter->handleRequest(null, Object(Config\Cache), false)
10 SYSTEMPATH\Boot.php(363): CodeIgniter\CodeIgniter->run()
11 SYSTEMPATH\Boot.php(68): CodeIgniter\Boot::runCodeIgniter(Object(CodeIgniter\CodeIgniter))
12 FCPATH\index.php(68): CodeIgniter\Boot::bootWeb(Object(Config\Paths))
WARNING - 2025-10-21 10:31:09 --> [DEPRECATED] Passing lowercase HTTP method "get" is deprecated. Use uppercase HTTP method like "GET". in SYSTEMPATH\Router\RouteCollection.php on line 1029.
 1 SYSTEMPATH\Router\RouteCollection.php(1029): trigger_error('Passing lowercase HTTP method "get" is deprecated. Use uppercase HTTP method like "GET".', 16384)
 2 APPPATH\Config\Routes\Admin.php(15): CodeIgniter\Router\RouteCollection->match([...], 'elfinder/connector', 'Elfinder::connector')
 3 SYSTEMPATH\Router\RouteCollection.php(799): CodeIgniter\Router\RouteCollection->{closure}(Object(CodeIgniter\Router\RouteCollection))
 4 APPPATH\Config\Routes\Admin.php(102): CodeIgniter\Router\RouteCollection->group('admin', [...], Object(Closure))
 5 APPPATH\Config\Routes.php(3): require('C:\\OSPanel\\home\\ci4.local\\app\\Config\\Routes\\Admin.php')
 6 SYSTEMPATH\Router\RouteCollection.php(339): require('C:\\OSPanel\\home\\ci4.local\\app\\Config\\Routes.php')
 7 SYSTEMPATH\CodeIgniter.php(821): CodeIgniter\Router\RouteCollection->loadRoutes()
 8 SYSTEMPATH\CodeIgniter.php(455): CodeIgniter\CodeIgniter->tryToRouteIt(null)
 9 SYSTEMPATH\CodeIgniter.php(354): CodeIgniter\CodeIgniter->handleRequest(null, Object(Config\Cache), false)
10 SYSTEMPATH\Boot.php(363): CodeIgniter\CodeIgniter->run()
11 SYSTEMPATH\Boot.php(68): CodeIgniter\Boot::runCodeIgniter(Object(CodeIgniter\CodeIgniter))
12 FCPATH\index.php(68): CodeIgniter\Boot::bootWeb(Object(Config\Paths))
WARNING - 2025-10-21 10:31:09 --> [DEPRECATED] Passing lowercase HTTP method "post" is deprecated. Use uppercase HTTP method like "POST". in SYSTEMPATH\Router\RouteCollection.php on line 1029.
 1 SYSTEMPATH\Router\RouteCollection.php(1029): trigger_error('Passing lowercase HTTP method "post" is deprecated. Use uppercase HTTP method like "POST".', 16384)
 2 APPPATH\Config\Routes\Admin.php(15): CodeIgniter\Router\RouteCollection->match([...], 'elfinder/connector', 'Elfinder::connector')
 3 SYSTEMPATH\Router\RouteCollection.php(799): CodeIgniter\Router\RouteCollection->{closure}(Object(CodeIgniter\Router\RouteCollection))
 4 APPPATH\Config\Routes\Admin.php(102): CodeIgniter\Router\RouteCollection->group('admin', [...], Object(Closure))
 5 APPPATH\Config\Routes.php(3): require('C:\\OSPanel\\home\\ci4.local\\app\\Config\\Routes\\Admin.php')
 6 SYSTEMPATH\Router\RouteCollection.php(339): require('C:\\OSPanel\\home\\ci4.local\\app\\Config\\Routes.php')
 7 SYSTEMPATH\CodeIgniter.php(821): CodeIgniter\Router\RouteCollection->loadRoutes()
 8 SYSTEMPATH\CodeIgniter.php(455): CodeIgniter\CodeIgniter->tryToRouteIt(null)
 9 SYSTEMPATH\CodeIgniter.php(354): CodeIgniter\CodeIgniter->handleRequest(null, Object(Config\Cache), false)
10 SYSTEMPATH\Boot.php(363): CodeIgniter\CodeIgniter->run()
11 SYSTEMPATH\Boot.php(68): CodeIgniter\Boot::runCodeIgniter(Object(CodeIgniter\CodeIgniter))
12 FCPATH\index.php(68): CodeIgniter\Boot::bootWeb(Object(Config\Paths))
DEBUG - 2025-10-21 10:31:09 --> Session: Class initialized using 'CodeIgniter\Session\Handlers\FileHandler' driver.
WARNING - 2025-10-21 10:31:11 --> [DEPRECATED] Passing lowercase HTTP method "get" is deprecated. Use uppercase HTTP method like "GET". in SYSTEMPATH\Router\RouteCollection.php on line 1029.
 1 SYSTEMPATH\Router\RouteCollection.php(1029): trigger_error('Passing lowercase HTTP method "get" is deprecated. Use uppercase HTTP method like "GET".', 16384)
 2 APPPATH\Config\Routes\Admin.php(15): CodeIgniter\Router\RouteCollection->match([...], 'elfinder/connector', 'Elfinder::connector')
 3 SYSTEMPATH\Router\RouteCollection.php(799): CodeIgniter\Router\RouteCollection->{closure}(Object(CodeIgniter\Router\RouteCollection))
 4 APPPATH\Config\Routes\Admin.php(102): CodeIgniter\Router\RouteCollection->group('admin', [...], Object(Closure))
 5 APPPATH\Config\Routes.php(3): require('C:\\OSPanel\\home\\ci4.local\\app\\Config\\Routes\\Admin.php')
 6 SYSTEMPATH\Router\RouteCollection.php(339): require('C:\\OSPanel\\home\\ci4.local\\app\\Config\\Routes.php')
 7 SYSTEMPATH\CodeIgniter.php(821): CodeIgniter\Router\RouteCollection->loadRoutes()
 8 SYSTEMPATH\CodeIgniter.php(455): CodeIgniter\CodeIgniter->tryToRouteIt(null)
 9 SYSTEMPATH\CodeIgniter.php(354): CodeIgniter\CodeIgniter->handleRequest(null, Object(Config\Cache), false)
10 SYSTEMPATH\Boot.php(363): CodeIgniter\CodeIgniter->run()
11 SYSTEMPATH\Boot.php(68): CodeIgniter\Boot::runCodeIgniter(Object(CodeIgniter\CodeIgniter))
12 FCPATH\index.php(68): CodeIgniter\Boot::bootWeb(Object(Config\Paths))
WARNING - 2025-10-21 10:31:11 --> [DEPRECATED] Passing lowercase HTTP method "post" is deprecated. Use uppercase HTTP method like "POST". in SYSTEMPATH\Router\RouteCollection.php on line 1029.
 1 SYSTEMPATH\Router\RouteCollection.php(1029): trigger_error('Passing lowercase HTTP method "post" is deprecated. Use uppercase HTTP method like "POST".', 16384)
 2 APPPATH\Config\Routes\Admin.php(15): CodeIgniter\Router\RouteCollection->match([...], 'elfinder/connector', 'Elfinder::connector')
 3 SYSTEMPATH\Router\RouteCollection.php(799): CodeIgniter\Router\RouteCollection->{closure}(Object(CodeIgniter\Router\RouteCollection))
 4 APPPATH\Config\Routes\Admin.php(102): CodeIgniter\Router\RouteCollection->group('admin', [...], Object(Closure))
 5 APPPATH\Config\Routes.php(3): require('C:\\OSPanel\\home\\ci4.local\\app\\Config\\Routes\\Admin.php')
 6 SYSTEMPATH\Router\RouteCollection.php(339): require('C:\\OSPanel\\home\\ci4.local\\app\\Config\\Routes.php')
 7 SYSTEMPATH\CodeIgniter.php(821): CodeIgniter\Router\RouteCollection->loadRoutes()
 8 SYSTEMPATH\CodeIgniter.php(455): CodeIgniter\CodeIgniter->tryToRouteIt(null)
 9 SYSTEMPATH\CodeIgniter.php(354): CodeIgniter\CodeIgniter->handleRequest(null, Object(Config\Cache), false)
10 SYSTEMPATH\Boot.php(363): CodeIgniter\CodeIgniter->run()
11 SYSTEMPATH\Boot.php(68): CodeIgniter\Boot::runCodeIgniter(Object(CodeIgniter\CodeIgniter))
12 FCPATH\index.php(68): CodeIgniter\Boot::bootWeb(Object(Config\Paths))
WARNING - 2025-10-21 10:31:19 --> [DEPRECATED] Passing lowercase HTTP method "get" is deprecated. Use uppercase HTTP method like "GET". in SYSTEMPATH\Router\RouteCollection.php on line 1029.
 1 SYSTEMPATH\Router\RouteCollection.php(1029): trigger_error('Passing lowercase HTTP method "get" is deprecated. Use uppercase HTTP method like "GET".', 16384)
 2 APPPATH\Config\Routes\Admin.php(15): CodeIgniter\Router\RouteCollection->match([...], 'elfinder/connector', 'Elfinder::connector')
 3 SYSTEMPATH\Router\RouteCollection.php(799): CodeIgniter\Router\RouteCollection->{closure}(Object(CodeIgniter\Router\RouteCollection))
 4 APPPATH\Config\Routes\Admin.php(102): CodeIgniter\Router\RouteCollection->group('admin', [...], Object(Closure))
 5 APPPATH\Config\Routes.php(3): require('C:\\OSPanel\\home\\ci4.local\\app\\Config\\Routes\\Admin.php')
 6 SYSTEMPATH\Router\RouteCollection.php(339): require('C:\\OSPanel\\home\\ci4.local\\app\\Config\\Routes.php')
 7 SYSTEMPATH\CodeIgniter.php(821): CodeIgniter\Router\RouteCollection->loadRoutes()
 8 SYSTEMPATH\CodeIgniter.php(455): CodeIgniter\CodeIgniter->tryToRouteIt(null)
 9 SYSTEMPATH\CodeIgniter.php(354): CodeIgniter\CodeIgniter->handleRequest(null, Object(Config\Cache), false)
10 SYSTEMPATH\Boot.php(363): CodeIgniter\CodeIgniter->run()
11 SYSTEMPATH\Boot.php(68): CodeIgniter\Boot::runCodeIgniter(Object(CodeIgniter\CodeIgniter))
12 FCPATH\index.php(68): CodeIgniter\Boot::bootWeb(Object(Config\Paths))
WARNING - 2025-10-21 10:31:19 --> [DEPRECATED] Passing lowercase HTTP method "post" is deprecated. Use uppercase HTTP method like "POST". in SYSTEMPATH\Router\RouteCollection.php on line 1029.
 1 SYSTEMPATH\Router\RouteCollection.php(1029): trigger_error('Passing lowercase HTTP method "post" is deprecated. Use uppercase HTTP method like "POST".', 16384)
 2 APPPATH\Config\Routes\Admin.php(15): CodeIgniter\Router\RouteCollection->match([...], 'elfinder/connector', 'Elfinder::connector')
 3 SYSTEMPATH\Router\RouteCollection.php(799): CodeIgniter\Router\RouteCollection->{closure}(Object(CodeIgniter\Router\RouteCollection))
 4 APPPATH\Config\Routes\Admin.php(102): CodeIgniter\Router\RouteCollection->group('admin', [...], Object(Closure))
 5 APPPATH\Config\Routes.php(3): require('C:\\OSPanel\\home\\ci4.local\\app\\Config\\Routes\\Admin.php')
 6 SYSTEMPATH\Router\RouteCollection.php(339): require('C:\\OSPanel\\home\\ci4.local\\app\\Config\\Routes.php')
 7 SYSTEMPATH\CodeIgniter.php(821): CodeIgniter\Router\RouteCollection->loadRoutes()
 8 SYSTEMPATH\CodeIgniter.php(455): CodeIgniter\CodeIgniter->tryToRouteIt(null)
 9 SYSTEMPATH\CodeIgniter.php(354): CodeIgniter\CodeIgniter->handleRequest(null, Object(Config\Cache), false)
10 SYSTEMPATH\Boot.php(363): CodeIgniter\CodeIgniter->run()
11 SYSTEMPATH\Boot.php(68): CodeIgniter\Boot::runCodeIgniter(Object(CodeIgniter\CodeIgniter))
12 FCPATH\index.php(68): CodeIgniter\Boot::bootWeb(Object(Config\Paths))
DEBUG - 2025-10-21 10:31:19 --> Session: Class initialized using 'CodeIgniter\Session\Handlers\FileHandler' driver.
WARNING - 2025-10-21 10:31:20 --> [DEPRECATED] Passing lowercase HTTP method "get" is deprecated. Use uppercase HTTP method like "GET". in SYSTEMPATH\Router\RouteCollection.php on line 1029.
 1 SYSTEMPATH\Router\RouteCollection.php(1029): trigger_error('Passing lowercase HTTP method "get" is deprecated. Use uppercase HTTP method like "GET".', 16384)
 2 APPPATH\Config\Routes\Admin.php(15): CodeIgniter\Router\RouteCollection->match([...], 'elfinder/connector', 'Elfinder::connector')
 3 SYSTEMPATH\Router\RouteCollection.php(799): CodeIgniter\Router\RouteCollection->{closure}(Object(CodeIgniter\Router\RouteCollection))
 4 APPPATH\Config\Routes\Admin.php(102): CodeIgniter\Router\RouteCollection->group('admin', [...], Object(Closure))
 5 APPPATH\Config\Routes.php(3): require('C:\\OSPanel\\home\\ci4.local\\app\\Config\\Routes\\Admin.php')
 6 SYSTEMPATH\Router\RouteCollection.php(339): require('C:\\OSPanel\\home\\ci4.local\\app\\Config\\Routes.php')
 7 SYSTEMPATH\CodeIgniter.php(821): CodeIgniter\Router\RouteCollection->loadRoutes()
 8 SYSTEMPATH\CodeIgniter.php(455): CodeIgniter\CodeIgniter->tryToRouteIt(null)
 9 SYSTEMPATH\CodeIgniter.php(354): CodeIgniter\CodeIgniter->handleRequest(null, Object(Config\Cache), false)
10 SYSTEMPATH\Boot.php(363): CodeIgniter\CodeIgniter->run()
11 SYSTEMPATH\Boot.php(68): CodeIgniter\Boot::runCodeIgniter(Object(CodeIgniter\CodeIgniter))
12 FCPATH\index.php(68): CodeIgniter\Boot::bootWeb(Object(Config\Paths))
WARNING - 2025-10-21 10:31:20 --> [DEPRECATED] Passing lowercase HTTP method "post" is deprecated. Use uppercase HTTP method like "POST". in SYSTEMPATH\Router\RouteCollection.php on line 1029.
 1 SYSTEMPATH\Router\RouteCollection.php(1029): trigger_error('Passing lowercase HTTP method "post" is deprecated. Use uppercase HTTP method like "POST".', 16384)
 2 APPPATH\Config\Routes\Admin.php(15): CodeIgniter\Router\RouteCollection->match([...], 'elfinder/connector', 'Elfinder::connector')
 3 SYSTEMPATH\Router\RouteCollection.php(799): CodeIgniter\Router\RouteCollection->{closure}(Object(CodeIgniter\Router\RouteCollection))
 4 APPPATH\Config\Routes\Admin.php(102): CodeIgniter\Router\RouteCollection->group('admin', [...], Object(Closure))
 5 APPPATH\Config\Routes.php(3): require('C:\\OSPanel\\home\\ci4.local\\app\\Config\\Routes\\Admin.php')
 6 SYSTEMPATH\Router\RouteCollection.php(339): require('C:\\OSPanel\\home\\ci4.local\\app\\Config\\Routes.php')
 7 SYSTEMPATH\CodeIgniter.php(821): CodeIgniter\Router\RouteCollection->loadRoutes()
 8 SYSTEMPATH\CodeIgniter.php(455): CodeIgniter\CodeIgniter->tryToRouteIt(null)
 9 SYSTEMPATH\CodeIgniter.php(354): CodeIgniter\CodeIgniter->handleRequest(null, Object(Config\Cache), false)
10 SYSTEMPATH\Boot.php(363): CodeIgniter\CodeIgniter->run()
11 SYSTEMPATH\Boot.php(68): CodeIgniter\Boot::runCodeIgniter(Object(CodeIgniter\CodeIgniter))
12 FCPATH\index.php(68): CodeIgniter\Boot::bootWeb(Object(Config\Paths))
WARNING - 2025-10-21 10:31:21 --> [DEPRECATED] Passing lowercase HTTP method "get" is deprecated. Use uppercase HTTP method like "GET". in SYSTEMPATH\Router\RouteCollection.php on line 1029.
 1 SYSTEMPATH\Router\RouteCollection.php(1029): trigger_error('Passing lowercase HTTP method "get" is deprecated. Use uppercase HTTP method like "GET".', 16384)
 2 APPPATH\Config\Routes\Admin.php(15): CodeIgniter\Router\RouteCollection->match([...], 'elfinder/connector', 'Elfinder::connector')
 3 SYSTEMPATH\Router\RouteCollection.php(799): CodeIgniter\Router\RouteCollection->{closure}(Object(CodeIgniter\Router\RouteCollection))
 4 APPPATH\Config\Routes\Admin.php(102): CodeIgniter\Router\RouteCollection->group('admin', [...], Object(Closure))
 5 APPPATH\Config\Routes.php(3): require('C:\\OSPanel\\home\\ci4.local\\app\\Config\\Routes\\Admin.php')
 6 SYSTEMPATH\Router\RouteCollection.php(339): require('C:\\OSPanel\\home\\ci4.local\\app\\Config\\Routes.php')
 7 SYSTEMPATH\CodeIgniter.php(821): CodeIgniter\Router\RouteCollection->loadRoutes()
 8 SYSTEMPATH\CodeIgniter.php(455): CodeIgniter\CodeIgniter->tryToRouteIt(null)
 9 SYSTEMPATH\CodeIgniter.php(354): CodeIgniter\CodeIgniter->handleRequest(null, Object(Config\Cache), false)
10 SYSTEMPATH\Boot.php(363): CodeIgniter\CodeIgniter->run()
11 SYSTEMPATH\Boot.php(68): CodeIgniter\Boot::runCodeIgniter(Object(CodeIgniter\CodeIgniter))
12 FCPATH\index.php(68): CodeIgniter\Boot::bootWeb(Object(Config\Paths))
WARNING - 2025-10-21 10:31:21 --> [DEPRECATED] Passing lowercase HTTP method "post" is deprecated. Use uppercase HTTP method like "POST". in SYSTEMPATH\Router\RouteCollection.php on line 1029.
 1 SYSTEMPATH\Router\RouteCollection.php(1029): trigger_error('Passing lowercase HTTP method "post" is deprecated. Use uppercase HTTP method like "POST".', 16384)
 2 APPPATH\Config\Routes\Admin.php(15): CodeIgniter\Router\RouteCollection->match([...], 'elfinder/connector', 'Elfinder::connector')
 3 SYSTEMPATH\Router\RouteCollection.php(799): CodeIgniter\Router\RouteCollection->{closure}(Object(CodeIgniter\Router\RouteCollection))
 4 APPPATH\Config\Routes\Admin.php(102): CodeIgniter\Router\RouteCollection->group('admin', [...], Object(Closure))
 5 APPPATH\Config\Routes.php(3): require('C:\\OSPanel\\home\\ci4.local\\app\\Config\\Routes\\Admin.php')
 6 SYSTEMPATH\Router\RouteCollection.php(339): require('C:\\OSPanel\\home\\ci4.local\\app\\Config\\Routes.php')
 7 SYSTEMPATH\CodeIgniter.php(821): CodeIgniter\Router\RouteCollection->loadRoutes()
 8 SYSTEMPATH\CodeIgniter.php(455): CodeIgniter\CodeIgniter->tryToRouteIt(null)
 9 SYSTEMPATH\CodeIgniter.php(354): CodeIgniter\CodeIgniter->handleRequest(null, Object(Config\Cache), false)
10 SYSTEMPATH\Boot.php(363): CodeIgniter\CodeIgniter->run()
11 SYSTEMPATH\Boot.php(68): CodeIgniter\Boot::runCodeIgniter(Object(CodeIgniter\CodeIgniter))
12 FCPATH\index.php(68): CodeIgniter\Boot::bootWeb(Object(Config\Paths))
DEBUG - 2025-10-21 10:31:21 --> Session: Class initialized using 'CodeIgniter\Session\Handlers\FileHandler' driver.
WARNING - 2025-10-21 10:31:22 --> [DEPRECATED] Passing lowercase HTTP method "get" is deprecated. Use uppercase HTTP method like "GET". in SYSTEMPATH\Router\RouteCollection.php on line 1029.
 1 SYSTEMPATH\Router\RouteCollection.php(1029): trigger_error('Passing lowercase HTTP method "get" is deprecated. Use uppercase HTTP method like "GET".', 16384)
 2 APPPATH\Config\Routes\Admin.php(15): CodeIgniter\Router\RouteCollection->match([...], 'elfinder/connector', 'Elfinder::connector')
 3 SYSTEMPATH\Router\RouteCollection.php(799): CodeIgniter\Router\RouteCollection->{closure}(Object(CodeIgniter\Router\RouteCollection))
 4 APPPATH\Config\Routes\Admin.php(102): CodeIgniter\Router\RouteCollection->group('admin', [...], Object(Closure))
 5 APPPATH\Config\Routes.php(3): require('C:\\OSPanel\\home\\ci4.local\\app\\Config\\Routes\\Admin.php')
 6 SYSTEMPATH\Router\RouteCollection.php(339): require('C:\\OSPanel\\home\\ci4.local\\app\\Config\\Routes.php')
 7 SYSTEMPATH\CodeIgniter.php(821): CodeIgniter\Router\RouteCollection->loadRoutes()
 8 SYSTEMPATH\CodeIgniter.php(455): CodeIgniter\CodeIgniter->tryToRouteIt(null)
 9 SYSTEMPATH\CodeIgniter.php(354): CodeIgniter\CodeIgniter->handleRequest(null, Object(Config\Cache), false)
10 SYSTEMPATH\Boot.php(363): CodeIgniter\CodeIgniter->run()
11 SYSTEMPATH\Boot.php(68): CodeIgniter\Boot::runCodeIgniter(Object(CodeIgniter\CodeIgniter))
12 FCPATH\index.php(68): CodeIgniter\Boot::bootWeb(Object(Config\Paths))
WARNING - 2025-10-21 10:31:22 --> [DEPRECATED] Passing lowercase HTTP method "post" is deprecated. Use uppercase HTTP method like "POST". in SYSTEMPATH\Router\RouteCollection.php on line 1029.
 1 SYSTEMPATH\Router\RouteCollection.php(1029): trigger_error('Passing lowercase HTTP method "post" is deprecated. Use uppercase HTTP method like "POST".', 16384)
 2 APPPATH\Config\Routes\Admin.php(15): CodeIgniter\Router\RouteCollection->match([...], 'elfinder/connector', 'Elfinder::connector')
 3 SYSTEMPATH\Router\RouteCollection.php(799): CodeIgniter\Router\RouteCollection->{closure}(Object(CodeIgniter\Router\RouteCollection))
 4 APPPATH\Config\Routes\Admin.php(102): CodeIgniter\Router\RouteCollection->group('admin', [...], Object(Closure))
 5 APPPATH\Config\Routes.php(3): require('C:\\OSPanel\\home\\ci4.local\\app\\Config\\Routes\\Admin.php')
 6 SYSTEMPATH\Router\RouteCollection.php(339): require('C:\\OSPanel\\home\\ci4.local\\app\\Config\\Routes.php')
 7 SYSTEMPATH\CodeIgniter.php(821): CodeIgniter\Router\RouteCollection->loadRoutes()
 8 SYSTEMPATH\CodeIgniter.php(455): CodeIgniter\CodeIgniter->tryToRouteIt(null)
 9 SYSTEMPATH\CodeIgniter.php(354): CodeIgniter\CodeIgniter->handleRequest(null, Object(Config\Cache), false)
10 SYSTEMPATH\Boot.php(363): CodeIgniter\CodeIgniter->run()
11 SYSTEMPATH\Boot.php(68): CodeIgniter\Boot::runCodeIgniter(Object(CodeIgniter\CodeIgniter))
12 FCPATH\index.php(68): CodeIgniter\Boot::bootWeb(Object(Config\Paths))
WARNING - 2025-10-21 10:31:32 --> [DEPRECATED] Passing lowercase HTTP method "get" is deprecated. Use uppercase HTTP method like "GET". in SYSTEMPATH\Router\RouteCollection.php on line 1029.
 1 SYSTEMPATH\Router\RouteCollection.php(1029): trigger_error('Passing lowercase HTTP method "get" is deprecated. Use uppercase HTTP method like "GET".', 16384)
 2 APPPATH\Config\Routes\Admin.php(15): CodeIgniter\Router\RouteCollection->match([...], 'elfinder/connector', 'Elfinder::connector')
 3 SYSTEMPATH\Router\RouteCollection.php(799): CodeIgniter\Router\RouteCollection->{closure}(Object(CodeIgniter\Router\RouteCollection))
 4 APPPATH\Config\Routes\Admin.php(102): CodeIgniter\Router\RouteCollection->group('admin', [...], Object(Closure))
 5 APPPATH\Config\Routes.php(3): require('C:\\OSPanel\\home\\ci4.local\\app\\Config\\Routes\\Admin.php')
 6 SYSTEMPATH\Router\RouteCollection.php(339): require('C:\\OSPanel\\home\\ci4.local\\app\\Config\\Routes.php')
 7 SYSTEMPATH\CodeIgniter.php(821): CodeIgniter\Router\RouteCollection->loadRoutes()
 8 SYSTEMPATH\CodeIgniter.php(455): CodeIgniter\CodeIgniter->tryToRouteIt(null)
 9 SYSTEMPATH\CodeIgniter.php(354): CodeIgniter\CodeIgniter->handleRequest(null, Object(Config\Cache), false)
10 SYSTEMPATH\Boot.php(363): CodeIgniter\CodeIgniter->run()
11 SYSTEMPATH\Boot.php(68): CodeIgniter\Boot::runCodeIgniter(Object(CodeIgniter\CodeIgniter))
12 FCPATH\index.php(68): CodeIgniter\Boot::bootWeb(Object(Config\Paths))
WARNING - 2025-10-21 10:31:32 --> [DEPRECATED] Passing lowercase HTTP method "post" is deprecated. Use uppercase HTTP method like "POST". in SYSTEMPATH\Router\RouteCollection.php on line 1029.
 1 SYSTEMPATH\Router\RouteCollection.php(1029): trigger_error('Passing lowercase HTTP method "post" is deprecated. Use uppercase HTTP method like "POST".', 16384)
 2 APPPATH\Config\Routes\Admin.php(15): CodeIgniter\Router\RouteCollection->match([...], 'elfinder/connector', 'Elfinder::connector')
 3 SYSTEMPATH\Router\RouteCollection.php(799): CodeIgniter\Router\RouteCollection->{closure}(Object(CodeIgniter\Router\RouteCollection))
 4 APPPATH\Config\Routes\Admin.php(102): CodeIgniter\Router\RouteCollection->group('admin', [...], Object(Closure))
 5 APPPATH\Config\Routes.php(3): require('C:\\OSPanel\\home\\ci4.local\\app\\Config\\Routes\\Admin.php')
 6 SYSTEMPATH\Router\RouteCollection.php(339): require('C:\\OSPanel\\home\\ci4.local\\app\\Config\\Routes.php')
 7 SYSTEMPATH\CodeIgniter.php(821): CodeIgniter\Router\RouteCollection->loadRoutes()
 8 SYSTEMPATH\CodeIgniter.php(455): CodeIgniter\CodeIgniter->tryToRouteIt(null)
 9 SYSTEMPATH\CodeIgniter.php(354): CodeIgniter\CodeIgniter->handleRequest(null, Object(Config\Cache), false)
10 SYSTEMPATH\Boot.php(363): CodeIgniter\CodeIgniter->run()
11 SYSTEMPATH\Boot.php(68): CodeIgniter\Boot::runCodeIgniter(Object(CodeIgniter\CodeIgniter))
12 FCPATH\index.php(68): CodeIgniter\Boot::bootWeb(Object(Config\Paths))
WARNING - 2025-10-21 10:31:32 --> [DEPRECATED] Passing lowercase HTTP method "get" is deprecated. Use uppercase HTTP method like "GET". in SYSTEMPATH\Router\RouteCollection.php on line 1029.
 1 SYSTEMPATH\Router\RouteCollection.php(1029): trigger_error('Passing lowercase HTTP method "get" is deprecated. Use uppercase HTTP method like "GET".', 16384)
 2 APPPATH\Config\Routes\Admin.php(15): CodeIgniter\Router\RouteCollection->match([...], 'elfinder/connector', 'Elfinder::connector')
 3 SYSTEMPATH\Router\RouteCollection.php(799): CodeIgniter\Router\RouteCollection->{closure}(Object(CodeIgniter\Router\RouteCollection))
 4 APPPATH\Config\Routes\Admin.php(102): CodeIgniter\Router\RouteCollection->group('admin', [...], Object(Closure))
 5 APPPATH\Config\Routes.php(3): require('C:\\OSPanel\\home\\ci4.local\\app\\Config\\Routes\\Admin.php')
 6 SYSTEMPATH\Router\RouteCollection.php(339): require('C:\\OSPanel\\home\\ci4.local\\app\\Config\\Routes.php')
 7 SYSTEMPATH\CodeIgniter.php(821): CodeIgniter\Router\RouteCollection->loadRoutes()
 8 SYSTEMPATH\CodeIgniter.php(455): CodeIgniter\CodeIgniter->tryToRouteIt(null)
 9 SYSTEMPATH\CodeIgniter.php(354): CodeIgniter\CodeIgniter->handleRequest(null, Object(Config\Cache), false)
10 SYSTEMPATH\Boot.php(363): CodeIgniter\CodeIgniter->run()
11 SYSTEMPATH\Boot.php(68): CodeIgniter\Boot::runCodeIgniter(Object(CodeIgniter\CodeIgniter))
12 FCPATH\index.php(68): CodeIgniter\Boot::bootWeb(Object(Config\Paths))
WARNING - 2025-10-21 10:31:32 --> [DEPRECATED] Passing lowercase HTTP method "post" is deprecated. Use uppercase HTTP method like "POST". in SYSTEMPATH\Router\RouteCollection.php on line 1029.
 1 SYSTEMPATH\Router\RouteCollection.php(1029): trigger_error('Passing lowercase HTTP method "post" is deprecated. Use uppercase HTTP method like "POST".', 16384)
 2 APPPATH\Config\Routes\Admin.php(15): CodeIgniter\Router\RouteCollection->match([...], 'elfinder/connector', 'Elfinder::connector')
 3 SYSTEMPATH\Router\RouteCollection.php(799): CodeIgniter\Router\RouteCollection->{closure}(Object(CodeIgniter\Router\RouteCollection))
 4 APPPATH\Config\Routes\Admin.php(102): CodeIgniter\Router\RouteCollection->group('admin', [...], Object(Closure))
 5 APPPATH\Config\Routes.php(3): require('C:\\OSPanel\\home\\ci4.local\\app\\Config\\Routes\\Admin.php')
 6 SYSTEMPATH\Router\RouteCollection.php(339): require('C:\\OSPanel\\home\\ci4.local\\app\\Config\\Routes.php')
 7 SYSTEMPATH\CodeIgniter.php(821): CodeIgniter\Router\RouteCollection->loadRoutes()
 8 SYSTEMPATH\CodeIgniter.php(455): CodeIgniter\CodeIgniter->tryToRouteIt(null)
 9 SYSTEMPATH\CodeIgniter.php(354): CodeIgniter\CodeIgniter->handleRequest(null, Object(Config\Cache), false)
10 SYSTEMPATH\Boot.php(363): CodeIgniter\CodeIgniter->run()
11 SYSTEMPATH\Boot.php(68): CodeIgniter\Boot::runCodeIgniter(Object(CodeIgniter\CodeIgniter))
12 FCPATH\index.php(68): CodeIgniter\Boot::bootWeb(Object(Config\Paths))
WARNING - 2025-10-21 10:31:32 --> [DEPRECATED] Passing lowercase HTTP method "get" is deprecated. Use uppercase HTTP method like "GET". in SYSTEMPATH\Router\RouteCollection.php on line 1029.
 1 SYSTEMPATH\Router\RouteCollection.php(1029): trigger_error('Passing lowercase HTTP method "get" is deprecated. Use uppercase HTTP method like "GET".', 16384)
 2 APPPATH\Config\Routes\Admin.php(15): CodeIgniter\Router\RouteCollection->match([...], 'elfinder/connector', 'Elfinder::connector')
 3 SYSTEMPATH\Router\RouteCollection.php(799): CodeIgniter\Router\RouteCollection->{closure}(Object(CodeIgniter\Router\RouteCollection))
 4 APPPATH\Config\Routes\Admin.php(102): CodeIgniter\Router\RouteCollection->group('admin', [...], Object(Closure))
 5 APPPATH\Config\Routes.php(3): require('C:\\OSPanel\\home\\ci4.local\\app\\Config\\Routes\\Admin.php')
 6 SYSTEMPATH\Router\RouteCollection.php(339): require('C:\\OSPanel\\home\\ci4.local\\app\\Config\\Routes.php')
 7 SYSTEMPATH\CodeIgniter.php(821): CodeIgniter\Router\RouteCollection->loadRoutes()
 8 SYSTEMPATH\CodeIgniter.php(455): CodeIgniter\CodeIgniter->tryToRouteIt(null)
 9 SYSTEMPATH\CodeIgniter.php(354): CodeIgniter\CodeIgniter->handleRequest(null, Object(Config\Cache), false)
10 SYSTEMPATH\Boot.php(363): CodeIgniter\CodeIgniter->run()
11 SYSTEMPATH\Boot.php(68): CodeIgniter\Boot::runCodeIgniter(Object(CodeIgniter\CodeIgniter))
12 FCPATH\index.php(68): CodeIgniter\Boot::bootWeb(Object(Config\Paths))
WARNING - 2025-10-21 10:31:32 --> [DEPRECATED] Passing lowercase HTTP method "post" is deprecated. Use uppercase HTTP method like "POST". in SYSTEMPATH\Router\RouteCollection.php on line 1029.
 1 SYSTEMPATH\Router\RouteCollection.php(1029): trigger_error('Passing lowercase HTTP method "post" is deprecated. Use uppercase HTTP method like "POST".', 16384)
 2 APPPATH\Config\Routes\Admin.php(15): CodeIgniter\Router\RouteCollection->match([...], 'elfinder/connector', 'Elfinder::connector')
 3 SYSTEMPATH\Router\RouteCollection.php(799): CodeIgniter\Router\RouteCollection->{closure}(Object(CodeIgniter\Router\RouteCollection))
 4 APPPATH\Config\Routes\Admin.php(102): CodeIgniter\Router\RouteCollection->group('admin', [...], Object(Closure))
 5 APPPATH\Config\Routes.php(3): require('C:\\OSPanel\\home\\ci4.local\\app\\Config\\Routes\\Admin.php')
 6 SYSTEMPATH\Router\RouteCollection.php(339): require('C:\\OSPanel\\home\\ci4.local\\app\\Config\\Routes.php')
 7 SYSTEMPATH\CodeIgniter.php(821): CodeIgniter\Router\RouteCollection->loadRoutes()
 8 SYSTEMPATH\CodeIgniter.php(455): CodeIgniter\CodeIgniter->tryToRouteIt(null)
 9 SYSTEMPATH\CodeIgniter.php(354): CodeIgniter\CodeIgniter->handleRequest(null, Object(Config\Cache), false)
10 SYSTEMPATH\Boot.php(363): CodeIgniter\CodeIgniter->run()
11 SYSTEMPATH\Boot.php(68): CodeIgniter\Boot::runCodeIgniter(Object(CodeIgniter\CodeIgniter))
12 FCPATH\index.php(68): CodeIgniter\Boot::bootWeb(Object(Config\Paths))
WARNING - 2025-10-21 10:31:32 --> [DEPRECATED] Passing lowercase HTTP method "get" is deprecated. Use uppercase HTTP method like "GET". in SYSTEMPATH\Router\RouteCollection.php on line 1029.
 1 SYSTEMPATH\Router\RouteCollection.php(1029): trigger_error('Passing lowercase HTTP method "get" is deprecated. Use uppercase HTTP method like "GET".', 16384)
 2 APPPATH\Config\Routes\Admin.php(15): CodeIgniter\Router\RouteCollection->match([...], 'elfinder/connector', 'Elfinder::connector')
 3 SYSTEMPATH\Router\RouteCollection.php(799): CodeIgniter\Router\RouteCollection->{closure}(Object(CodeIgniter\Router\RouteCollection))
 4 APPPATH\Config\Routes\Admin.php(102): CodeIgniter\Router\RouteCollection->group('admin', [...], Object(Closure))
 5 APPPATH\Config\Routes.php(3): require('C:\\OSPanel\\home\\ci4.local\\app\\Config\\Routes\\Admin.php')
 6 SYSTEMPATH\Router\RouteCollection.php(339): require('C:\\OSPanel\\home\\ci4.local\\app\\Config\\Routes.php')
 7 SYSTEMPATH\CodeIgniter.php(821): CodeIgniter\Router\RouteCollection->loadRoutes()
 8 SYSTEMPATH\CodeIgniter.php(455): CodeIgniter\CodeIgniter->tryToRouteIt(null)
 9 SYSTEMPATH\CodeIgniter.php(354): CodeIgniter\CodeIgniter->handleRequest(null, Object(Config\Cache), false)
10 SYSTEMPATH\Boot.php(363): CodeIgniter\CodeIgniter->run()
11 SYSTEMPATH\Boot.php(68): CodeIgniter\Boot::runCodeIgniter(Object(CodeIgniter\CodeIgniter))
12 FCPATH\index.php(68): CodeIgniter\Boot::bootWeb(Object(Config\Paths))
WARNING - 2025-10-21 10:31:32 --> [DEPRECATED] Passing lowercase HTTP method "post" is deprecated. Use uppercase HTTP method like "POST". in SYSTEMPATH\Router\RouteCollection.php on line 1029.
 1 SYSTEMPATH\Router\RouteCollection.php(1029): trigger_error('Passing lowercase HTTP method "post" is deprecated. Use uppercase HTTP method like "POST".', 16384)
 2 APPPATH\Config\Routes\Admin.php(15): CodeIgniter\Router\RouteCollection->match([...], 'elfinder/connector', 'Elfinder::connector')
 3 SYSTEMPATH\Router\RouteCollection.php(799): CodeIgniter\Router\RouteCollection->{closure}(Object(CodeIgniter\Router\RouteCollection))
 4 APPPATH\Config\Routes\Admin.php(102): CodeIgniter\Router\RouteCollection->group('admin', [...], Object(Closure))
 5 APPPATH\Config\Routes.php(3): require('C:\\OSPanel\\home\\ci4.local\\app\\Config\\Routes\\Admin.php')
 6 SYSTEMPATH\Router\RouteCollection.php(339): require('C:\\OSPanel\\home\\ci4.local\\app\\Config\\Routes.php')
 7 SYSTEMPATH\CodeIgniter.php(821): CodeIgniter\Router\RouteCollection->loadRoutes()
 8 SYSTEMPATH\CodeIgniter.php(455): CodeIgniter\CodeIgniter->tryToRouteIt(null)
 9 SYSTEMPATH\CodeIgniter.php(354): CodeIgniter\CodeIgniter->handleRequest(null, Object(Config\Cache), false)
10 SYSTEMPATH\Boot.php(363): CodeIgniter\CodeIgniter->run()
11 SYSTEMPATH\Boot.php(68): CodeIgniter\Boot::runCodeIgniter(Object(CodeIgniter\CodeIgniter))
12 FCPATH\index.php(68): CodeIgniter\Boot::bootWeb(Object(Config\Paths))
WARNING - 2025-10-21 10:32:29 --> [DEPRECATED] Passing lowercase HTTP method "get" is deprecated. Use uppercase HTTP method like "GET". in SYSTEMPATH\Router\RouteCollection.php on line 1029.
 1 SYSTEMPATH\Router\RouteCollection.php(1029): trigger_error('Passing lowercase HTTP method "get" is deprecated. Use uppercase HTTP method like "GET".', 16384)
 2 APPPATH\Config\Routes\Admin.php(15): CodeIgniter\Router\RouteCollection->match([...], 'elfinder/connector', 'Elfinder::connector')
 3 SYSTEMPATH\Router\RouteCollection.php(799): CodeIgniter\Router\RouteCollection->{closure}(Object(CodeIgniter\Router\RouteCollection))
 4 APPPATH\Config\Routes\Admin.php(102): CodeIgniter\Router\RouteCollection->group('admin', [...], Object(Closure))
 5 APPPATH\Config\Routes.php(3): require('C:\\OSPanel\\home\\ci4.local\\app\\Config\\Routes\\Admin.php')
 6 SYSTEMPATH\Router\RouteCollection.php(339): require('C:\\OSPanel\\home\\ci4.local\\app\\Config\\Routes.php')
 7 SYSTEMPATH\CodeIgniter.php(821): CodeIgniter\Router\RouteCollection->loadRoutes()
 8 SYSTEMPATH\CodeIgniter.php(455): CodeIgniter\CodeIgniter->tryToRouteIt(null)
 9 SYSTEMPATH\CodeIgniter.php(354): CodeIgniter\CodeIgniter->handleRequest(null, Object(Config\Cache), false)
10 SYSTEMPATH\Boot.php(363): CodeIgniter\CodeIgniter->run()
11 SYSTEMPATH\Boot.php(68): CodeIgniter\Boot::runCodeIgniter(Object(CodeIgniter\CodeIgniter))
12 FCPATH\index.php(68): CodeIgniter\Boot::bootWeb(Object(Config\Paths))
WARNING - 2025-10-21 10:32:29 --> [DEPRECATED] Passing lowercase HTTP method "post" is deprecated. Use uppercase HTTP method like "POST". in SYSTEMPATH\Router\RouteCollection.php on line 1029.
 1 SYSTEMPATH\Router\RouteCollection.php(1029): trigger_error('Passing lowercase HTTP method "post" is deprecated. Use uppercase HTTP method like "POST".', 16384)
 2 APPPATH\Config\Routes\Admin.php(15): CodeIgniter\Router\RouteCollection->match([...], 'elfinder/connector', 'Elfinder::connector')
 3 SYSTEMPATH\Router\RouteCollection.php(799): CodeIgniter\Router\RouteCollection->{closure}(Object(CodeIgniter\Router\RouteCollection))
 4 APPPATH\Config\Routes\Admin.php(102): CodeIgniter\Router\RouteCollection->group('admin', [...], Object(Closure))
 5 APPPATH\Config\Routes.php(3): require('C:\\OSPanel\\home\\ci4.local\\app\\Config\\Routes\\Admin.php')
 6 SYSTEMPATH\Router\RouteCollection.php(339): require('C:\\OSPanel\\home\\ci4.local\\app\\Config\\Routes.php')
 7 SYSTEMPATH\CodeIgniter.php(821): CodeIgniter\Router\RouteCollection->loadRoutes()
 8 SYSTEMPATH\CodeIgniter.php(455): CodeIgniter\CodeIgniter->tryToRouteIt(null)
 9 SYSTEMPATH\CodeIgniter.php(354): CodeIgniter\CodeIgniter->handleRequest(null, Object(Config\Cache), false)
10 SYSTEMPATH\Boot.php(363): CodeIgniter\CodeIgniter->run()
11 SYSTEMPATH\Boot.php(68): CodeIgniter\Boot::runCodeIgniter(Object(CodeIgniter\CodeIgniter))
12 FCPATH\index.php(68): CodeIgniter\Boot::bootWeb(Object(Config\Paths))
DEBUG - 2025-10-21 10:32:29 --> Session: Class initialized using 'CodeIgniter\Session\Handlers\FileHandler' driver.
WARNING - 2025-10-21 10:32:30 --> [DEPRECATED] Passing lowercase HTTP method "get" is deprecated. Use uppercase HTTP method like "GET". in SYSTEMPATH\Router\RouteCollection.php on line 1029.
 1 SYSTEMPATH\Router\RouteCollection.php(1029): trigger_error('Passing lowercase HTTP method "get" is deprecated. Use uppercase HTTP method like "GET".', 16384)
 2 APPPATH\Config\Routes\Admin.php(15): CodeIgniter\Router\RouteCollection->match([...], 'elfinder/connector', 'Elfinder::connector')
 3 SYSTEMPATH\Router\RouteCollection.php(799): CodeIgniter\Router\RouteCollection->{closure}(Object(CodeIgniter\Router\RouteCollection))
 4 APPPATH\Config\Routes\Admin.php(102): CodeIgniter\Router\RouteCollection->group('admin', [...], Object(Closure))
 5 APPPATH\Config\Routes.php(3): require('C:\\OSPanel\\home\\ci4.local\\app\\Config\\Routes\\Admin.php')
 6 SYSTEMPATH\Router\RouteCollection.php(339): require('C:\\OSPanel\\home\\ci4.local\\app\\Config\\Routes.php')
 7 SYSTEMPATH\CodeIgniter.php(821): CodeIgniter\Router\RouteCollection->loadRoutes()
 8 SYSTEMPATH\CodeIgniter.php(455): CodeIgniter\CodeIgniter->tryToRouteIt(null)
 9 SYSTEMPATH\CodeIgniter.php(354): CodeIgniter\CodeIgniter->handleRequest(null, Object(Config\Cache), false)
10 SYSTEMPATH\Boot.php(363): CodeIgniter\CodeIgniter->run()
11 SYSTEMPATH\Boot.php(68): CodeIgniter\Boot::runCodeIgniter(Object(CodeIgniter\CodeIgniter))
12 FCPATH\index.php(68): CodeIgniter\Boot::bootWeb(Object(Config\Paths))
WARNING - 2025-10-21 10:32:30 --> [DEPRECATED] Passing lowercase HTTP method "post" is deprecated. Use uppercase HTTP method like "POST". in SYSTEMPATH\Router\RouteCollection.php on line 1029.
 1 SYSTEMPATH\Router\RouteCollection.php(1029): trigger_error('Passing lowercase HTTP method "post" is deprecated. Use uppercase HTTP method like "POST".', 16384)
 2 APPPATH\Config\Routes\Admin.php(15): CodeIgniter\Router\RouteCollection->match([...], 'elfinder/connector', 'Elfinder::connector')
 3 SYSTEMPATH\Router\RouteCollection.php(799): CodeIgniter\Router\RouteCollection->{closure}(Object(CodeIgniter\Router\RouteCollection))
 4 APPPATH\Config\Routes\Admin.php(102): CodeIgniter\Router\RouteCollection->group('admin', [...], Object(Closure))
 5 APPPATH\Config\Routes.php(3): require('C:\\OSPanel\\home\\ci4.local\\app\\Config\\Routes\\Admin.php')
 6 SYSTEMPATH\Router\RouteCollection.php(339): require('C:\\OSPanel\\home\\ci4.local\\app\\Config\\Routes.php')
 7 SYSTEMPATH\CodeIgniter.php(821): CodeIgniter\Router\RouteCollection->loadRoutes()
 8 SYSTEMPATH\CodeIgniter.php(455): CodeIgniter\CodeIgniter->tryToRouteIt(null)
 9 SYSTEMPATH\CodeIgniter.php(354): CodeIgniter\CodeIgniter->handleRequest(null, Object(Config\Cache), false)
10 SYSTEMPATH\Boot.php(363): CodeIgniter\CodeIgniter->run()
11 SYSTEMPATH\Boot.php(68): CodeIgniter\Boot::runCodeIgniter(Object(CodeIgniter\CodeIgniter))
12 FCPATH\index.php(68): CodeIgniter\Boot::bootWeb(Object(Config\Paths))
WARNING - 2025-10-21 10:32:30 --> [DEPRECATED] Passing lowercase HTTP method "get" is deprecated. Use uppercase HTTP method like "GET". in SYSTEMPATH\Router\RouteCollection.php on line 1029.
 1 SYSTEMPATH\Router\RouteCollection.php(1029): trigger_error('Passing lowercase HTTP method "get" is deprecated. Use uppercase HTTP method like "GET".', 16384)
 2 APPPATH\Config\Routes\Admin.php(15): CodeIgniter\Router\RouteCollection->match([...], 'elfinder/connector', 'Elfinder::connector')
 3 SYSTEMPATH\Router\RouteCollection.php(799): CodeIgniter\Router\RouteCollection->{closure}(Object(CodeIgniter\Router\RouteCollection))
 4 APPPATH\Config\Routes\Admin.php(102): CodeIgniter\Router\RouteCollection->group('admin', [...], Object(Closure))
 5 APPPATH\Config\Routes.php(3): require('C:\\OSPanel\\home\\ci4.local\\app\\Config\\Routes\\Admin.php')
 6 SYSTEMPATH\Router\RouteCollection.php(339): require('C:\\OSPanel\\home\\ci4.local\\app\\Config\\Routes.php')
 7 SYSTEMPATH\CodeIgniter.php(821): CodeIgniter\Router\RouteCollection->loadRoutes()
 8 SYSTEMPATH\CodeIgniter.php(455): CodeIgniter\CodeIgniter->tryToRouteIt(null)
 9 SYSTEMPATH\CodeIgniter.php(354): CodeIgniter\CodeIgniter->handleRequest(null, Object(Config\Cache), false)
10 SYSTEMPATH\Boot.php(363): CodeIgniter\CodeIgniter->run()
11 SYSTEMPATH\Boot.php(68): CodeIgniter\Boot::runCodeIgniter(Object(CodeIgniter\CodeIgniter))
12 FCPATH\index.php(68): CodeIgniter\Boot::bootWeb(Object(Config\Paths))
WARNING - 2025-10-21 10:32:30 --> [DEPRECATED] Passing lowercase HTTP method "post" is deprecated. Use uppercase HTTP method like "POST". in SYSTEMPATH\Router\RouteCollection.php on line 1029.
 1 SYSTEMPATH\Router\RouteCollection.php(1029): trigger_error('Passing lowercase HTTP method "post" is deprecated. Use uppercase HTTP method like "POST".', 16384)
 2 APPPATH\Config\Routes\Admin.php(15): CodeIgniter\Router\RouteCollection->match([...], 'elfinder/connector', 'Elfinder::connector')
 3 SYSTEMPATH\Router\RouteCollection.php(799): CodeIgniter\Router\RouteCollection->{closure}(Object(CodeIgniter\Router\RouteCollection))
 4 APPPATH\Config\Routes\Admin.php(102): CodeIgniter\Router\RouteCollection->group('admin', [...], Object(Closure))
 5 APPPATH\Config\Routes.php(3): require('C:\\OSPanel\\home\\ci4.local\\app\\Config\\Routes\\Admin.php')
 6 SYSTEMPATH\Router\RouteCollection.php(339): require('C:\\OSPanel\\home\\ci4.local\\app\\Config\\Routes.php')
 7 SYSTEMPATH\CodeIgniter.php(821): CodeIgniter\Router\RouteCollection->loadRoutes()
 8 SYSTEMPATH\CodeIgniter.php(455): CodeIgniter\CodeIgniter->tryToRouteIt(null)
 9 SYSTEMPATH\CodeIgniter.php(354): CodeIgniter\CodeIgniter->handleRequest(null, Object(Config\Cache), false)
10 SYSTEMPATH\Boot.php(363): CodeIgniter\CodeIgniter->run()
11 SYSTEMPATH\Boot.php(68): CodeIgniter\Boot::runCodeIgniter(Object(CodeIgniter\CodeIgniter))
12 FCPATH\index.php(68): CodeIgniter\Boot::bootWeb(Object(Config\Paths))
WARNING - 2025-10-21 10:32:30 --> [DEPRECATED] Passing lowercase HTTP method "get" is deprecated. Use uppercase HTTP method like "GET". in SYSTEMPATH\Router\RouteCollection.php on line 1029.
 1 SYSTEMPATH\Router\RouteCollection.php(1029): trigger_error('Passing lowercase HTTP method "get" is deprecated. Use uppercase HTTP method like "GET".', 16384)
 2 APPPATH\Config\Routes\Admin.php(15): CodeIgniter\Router\RouteCollection->match([...], 'elfinder/connector', 'Elfinder::connector')
 3 SYSTEMPATH\Router\RouteCollection.php(799): CodeIgniter\Router\RouteCollection->{closure}(Object(CodeIgniter\Router\RouteCollection))
 4 APPPATH\Config\Routes\Admin.php(102): CodeIgniter\Router\RouteCollection->group('admin', [...], Object(Closure))
 5 APPPATH\Config\Routes.php(3): require('C:\\OSPanel\\home\\ci4.local\\app\\Config\\Routes\\Admin.php')
 6 SYSTEMPATH\Router\RouteCollection.php(339): require('C:\\OSPanel\\home\\ci4.local\\app\\Config\\Routes.php')
 7 SYSTEMPATH\CodeIgniter.php(821): CodeIgniter\Router\RouteCollection->loadRoutes()
 8 SYSTEMPATH\CodeIgniter.php(455): CodeIgniter\CodeIgniter->tryToRouteIt(null)
 9 SYSTEMPATH\CodeIgniter.php(354): CodeIgniter\CodeIgniter->handleRequest(null, Object(Config\Cache), false)
10 SYSTEMPATH\Boot.php(363): CodeIgniter\CodeIgniter->run()
11 SYSTEMPATH\Boot.php(68): CodeIgniter\Boot::runCodeIgniter(Object(CodeIgniter\CodeIgniter))
12 FCPATH\index.php(68): CodeIgniter\Boot::bootWeb(Object(Config\Paths))
WARNING - 2025-10-21 10:32:30 --> [DEPRECATED] Passing lowercase HTTP method "post" is deprecated. Use uppercase HTTP method like "POST". in SYSTEMPATH\Router\RouteCollection.php on line 1029.
 1 SYSTEMPATH\Router\RouteCollection.php(1029): trigger_error('Passing lowercase HTTP method "post" is deprecated. Use uppercase HTTP method like "POST".', 16384)
 2 APPPATH\Config\Routes\Admin.php(15): CodeIgniter\Router\RouteCollection->match([...], 'elfinder/connector', 'Elfinder::connector')
 3 SYSTEMPATH\Router\RouteCollection.php(799): CodeIgniter\Router\RouteCollection->{closure}(Object(CodeIgniter\Router\RouteCollection))
 4 APPPATH\Config\Routes\Admin.php(102): CodeIgniter\Router\RouteCollection->group('admin', [...], Object(Closure))
 5 APPPATH\Config\Routes.php(3): require('C:\\OSPanel\\home\\ci4.local\\app\\Config\\Routes\\Admin.php')
 6 SYSTEMPATH\Router\RouteCollection.php(339): require('C:\\OSPanel\\home\\ci4.local\\app\\Config\\Routes.php')
 7 SYSTEMPATH\CodeIgniter.php(821): CodeIgniter\Router\RouteCollection->loadRoutes()
 8 SYSTEMPATH\CodeIgniter.php(455): CodeIgniter\CodeIgniter->tryToRouteIt(null)
 9 SYSTEMPATH\CodeIgniter.php(354): CodeIgniter\CodeIgniter->handleRequest(null, Object(Config\Cache), false)
10 SYSTEMPATH\Boot.php(363): CodeIgniter\CodeIgniter->run()
11 SYSTEMPATH\Boot.php(68): CodeIgniter\Boot::runCodeIgniter(Object(CodeIgniter\CodeIgniter))
12 FCPATH\index.php(68): CodeIgniter\Boot::bootWeb(Object(Config\Paths))
WARNING - 2025-10-21 10:32:30 --> [DEPRECATED] Passing lowercase HTTP method "get" is deprecated. Use uppercase HTTP method like "GET". in SYSTEMPATH\Router\RouteCollection.php on line 1029.
 1 SYSTEMPATH\Router\RouteCollection.php(1029): trigger_error('Passing lowercase HTTP method "get" is deprecated. Use uppercase HTTP method like "GET".', 16384)
 2 APPPATH\Config\Routes\Admin.php(15): CodeIgniter\Router\RouteCollection->match([...], 'elfinder/connector', 'Elfinder::connector')
 3 SYSTEMPATH\Router\RouteCollection.php(799): CodeIgniter\Router\RouteCollection->{closure}(Object(CodeIgniter\Router\RouteCollection))
 4 APPPATH\Config\Routes\Admin.php(102): CodeIgniter\Router\RouteCollection->group('admin', [...], Object(Closure))
 5 APPPATH\Config\Routes.php(3): require('C:\\OSPanel\\home\\ci4.local\\app\\Config\\Routes\\Admin.php')
 6 SYSTEMPATH\Router\RouteCollection.php(339): require('C:\\OSPanel\\home\\ci4.local\\app\\Config\\Routes.php')
 7 SYSTEMPATH\CodeIgniter.php(821): CodeIgniter\Router\RouteCollection->loadRoutes()
 8 SYSTEMPATH\CodeIgniter.php(455): CodeIgniter\CodeIgniter->tryToRouteIt(null)
 9 SYSTEMPATH\CodeIgniter.php(354): CodeIgniter\CodeIgniter->handleRequest(null, Object(Config\Cache), false)
10 SYSTEMPATH\Boot.php(363): CodeIgniter\CodeIgniter->run()
11 SYSTEMPATH\Boot.php(68): CodeIgniter\Boot::runCodeIgniter(Object(CodeIgniter\CodeIgniter))
12 FCPATH\index.php(68): CodeIgniter\Boot::bootWeb(Object(Config\Paths))
WARNING - 2025-10-21 10:32:30 --> [DEPRECATED] Passing lowercase HTTP method "post" is deprecated. Use uppercase HTTP method like "POST". in SYSTEMPATH\Router\RouteCollection.php on line 1029.
 1 SYSTEMPATH\Router\RouteCollection.php(1029): trigger_error('Passing lowercase HTTP method "post" is deprecated. Use uppercase HTTP method like "POST".', 16384)
 2 APPPATH\Config\Routes\Admin.php(15): CodeIgniter\Router\RouteCollection->match([...], 'elfinder/connector', 'Elfinder::connector')
 3 SYSTEMPATH\Router\RouteCollection.php(799): CodeIgniter\Router\RouteCollection->{closure}(Object(CodeIgniter\Router\RouteCollection))
 4 APPPATH\Config\Routes\Admin.php(102): CodeIgniter\Router\RouteCollection->group('admin', [...], Object(Closure))
 5 APPPATH\Config\Routes.php(3): require('C:\\OSPanel\\home\\ci4.local\\app\\Config\\Routes\\Admin.php')
 6 SYSTEMPATH\Router\RouteCollection.php(339): require('C:\\OSPanel\\home\\ci4.local\\app\\Config\\Routes.php')
 7 SYSTEMPATH\CodeIgniter.php(821): CodeIgniter\Router\RouteCollection->loadRoutes()
 8 SYSTEMPATH\CodeIgniter.php(455): CodeIgniter\CodeIgniter->tryToRouteIt(null)
 9 SYSTEMPATH\CodeIgniter.php(354): CodeIgniter\CodeIgniter->handleRequest(null, Object(Config\Cache), false)
10 SYSTEMPATH\Boot.php(363): CodeIgniter\CodeIgniter->run()
11 SYSTEMPATH\Boot.php(68): CodeIgniter\Boot::runCodeIgniter(Object(CodeIgniter\CodeIgniter))
12 FCPATH\index.php(68): CodeIgniter\Boot::bootWeb(Object(Config\Paths))
WARNING - 2025-10-21 10:32:31 --> [DEPRECATED] Passing lowercase HTTP method "get" is deprecated. Use uppercase HTTP method like "GET". in SYSTEMPATH\Router\RouteCollection.php on line 1029.
 1 SYSTEMPATH\Router\RouteCollection.php(1029): trigger_error('Passing lowercase HTTP method "get" is deprecated. Use uppercase HTTP method like "GET".', 16384)
 2 APPPATH\Config\Routes\Admin.php(15): CodeIgniter\Router\RouteCollection->match([...], 'elfinder/connector', 'Elfinder::connector')
 3 SYSTEMPATH\Router\RouteCollection.php(799): CodeIgniter\Router\RouteCollection->{closure}(Object(CodeIgniter\Router\RouteCollection))
 4 APPPATH\Config\Routes\Admin.php(102): CodeIgniter\Router\RouteCollection->group('admin', [...], Object(Closure))
 5 APPPATH\Config\Routes.php(3): require('C:\\OSPanel\\home\\ci4.local\\app\\Config\\Routes\\Admin.php')
 6 SYSTEMPATH\Router\RouteCollection.php(339): require('C:\\OSPanel\\home\\ci4.local\\app\\Config\\Routes.php')
 7 SYSTEMPATH\CodeIgniter.php(821): CodeIgniter\Router\RouteCollection->loadRoutes()
 8 SYSTEMPATH\CodeIgniter.php(455): CodeIgniter\CodeIgniter->tryToRouteIt(null)
 9 SYSTEMPATH\CodeIgniter.php(354): CodeIgniter\CodeIgniter->handleRequest(null, Object(Config\Cache), false)
10 SYSTEMPATH\Boot.php(363): CodeIgniter\CodeIgniter->run()
11 SYSTEMPATH\Boot.php(68): CodeIgniter\Boot::runCodeIgniter(Object(CodeIgniter\CodeIgniter))
12 FCPATH\index.php(68): CodeIgniter\Boot::bootWeb(Object(Config\Paths))
WARNING - 2025-10-21 10:32:31 --> [DEPRECATED] Passing lowercase HTTP method "post" is deprecated. Use uppercase HTTP method like "POST". in SYSTEMPATH\Router\RouteCollection.php on line 1029.
 1 SYSTEMPATH\Router\RouteCollection.php(1029): trigger_error('Passing lowercase HTTP method "post" is deprecated. Use uppercase HTTP method like "POST".', 16384)
 2 APPPATH\Config\Routes\Admin.php(15): CodeIgniter\Router\RouteCollection->match([...], 'elfinder/connector', 'Elfinder::connector')
 3 SYSTEMPATH\Router\RouteCollection.php(799): CodeIgniter\Router\RouteCollection->{closure}(Object(CodeIgniter\Router\RouteCollection))
 4 APPPATH\Config\Routes\Admin.php(102): CodeIgniter\Router\RouteCollection->group('admin', [...], Object(Closure))
 5 APPPATH\Config\Routes.php(3): require('C:\\OSPanel\\home\\ci4.local\\app\\Config\\Routes\\Admin.php')
 6 SYSTEMPATH\Router\RouteCollection.php(339): require('C:\\OSPanel\\home\\ci4.local\\app\\Config\\Routes.php')
 7 SYSTEMPATH\CodeIgniter.php(821): CodeIgniter\Router\RouteCollection->loadRoutes()
 8 SYSTEMPATH\CodeIgniter.php(455): CodeIgniter\CodeIgniter->tryToRouteIt(null)
 9 SYSTEMPATH\CodeIgniter.php(354): CodeIgniter\CodeIgniter->handleRequest(null, Object(Config\Cache), false)
10 SYSTEMPATH\Boot.php(363): CodeIgniter\CodeIgniter->run()
11 SYSTEMPATH\Boot.php(68): CodeIgniter\Boot::runCodeIgniter(Object(CodeIgniter\CodeIgniter))
12 FCPATH\index.php(68): CodeIgniter\Boot::bootWeb(Object(Config\Paths))
